{"/f/ic2/src/main.js": {"path":"/f/ic2/src/main.js","statementMap":{"0":{"start":{"line":1,"column":0},"end":{"line":1,"column":27}},"1":{"start":{"line":9,"column":16},"end":{"line":9,"column":43}},"2":{"start":{"line":10,"column":0},"end":{"line":16,"column":3}},"3":{"start":{"line":12,"column":4},"end":{"line":14,"column":7}},"4":{"start":{"line":18,"column":0},"end":{"line":18,"column":33}},"5":{"start":{"line":20,"column":0},"end":{"line":24,"column":18}},"6":{"start":{"line":23,"column":15},"end":{"line":23,"column":21}}},"fnMap":{"0":{"name":"(anonymous_0)","decl":{"start":{"line":11,"column":2},"end":{"line":11,"column":3}},"loc":{"start":{"line":11,"column":15},"end":{"line":15,"column":3}},"line":11},"1":{"name":"(anonymous_1)","decl":{"start":{"line":23,"column":10},"end":{"line":23,"column":11}},"loc":{"start":{"line":23,"column":15},"end":{"line":23,"column":21}},"line":23}},"branchMap":{},"s":{"0":0,"1":0,"2":0,"3":0,"4":0,"5":0,"6":0},"f":{"0":0,"1":0},"b":{},"hash":"88d3ec7130466614b637155d5ef657215ad78b96"}
,"/f/ic2/src/quasar.js": {"path":"/f/ic2/src/quasar.js","statementMap":{"0":{"start":{"line":8,"column":0},"end":{"line":17,"column":3}}},"fnMap":{},"branchMap":{},"s":{"0":0},"f":{},"b":{},"hash":"30df669f264225b2f4219c6d73bc5952028ac520"}
,"/f/ic2/src-server/server.js": {"path":"/f/ic2/src-server/server.js","statementMap":{"0":{"start":{"line":2,"column":0},"end":{"line":2,"column":27}},"1":{"start":{"line":8,"column":12},"end":{"line":8,"column":21}},"2":{"start":{"line":9,"column":13},"end":{"line":9,"column":41}},"3":{"start":{"line":11,"column":0},"end":{"line":11,"column":16}},"4":{"start":{"line":12,"column":0},"end":{"line":16,"column":2}},"5":{"start":{"line":17,"column":0},"end":{"line":17,"column":27}},"6":{"start":{"line":19,"column":0},"end":{"line":19,"column":24}},"7":{"start":{"line":21,"column":0},"end":{"line":21,"column":70}},"8":{"start":{"line":21,"column":23},"end":{"line":21,"column":68}},"9":{"start":{"line":23,"column":0},"end":{"line":23,"column":21}}},"fnMap":{"0":{"name":"(anonymous_0)","decl":{"start":{"line":21,"column":17},"end":{"line":21,"column":18}},"loc":{"start":{"line":21,"column":23},"end":{"line":21,"column":68}},"line":21}},"branchMap":{"0":{"loc":{"start":{"line":9,"column":13},"end":{"line":9,"column":41}},"type":"binary-expr","locations":[{"start":{"line":9,"column":13},"end":{"line":9,"column":33}},{"start":{"line":9,"column":37},"end":{"line":9,"column":41}}],"line":9}},"s":{"0":1,"1":1,"2":1,"3":1,"4":1,"5":1,"6":1,"7":1,"8":1,"9":1},"f":{"0":1},"b":{"0":[1,0]},"_coverageSchema":"43e27e138ebf9cfc5966b082cf9a028302ed4184","hash":"8fe95efce65887d08d079c408ba37fc872b2990d"}
,"/f/ic2/src-server/modules/Auth.js": {"path":"/f/ic2/src-server/modules/Auth.js","statementMap":{"0":{"start":{"line":8,"column":32},"end":{"line":46,"column":1}},"1":{"start":{"line":9,"column":2},"end":{"line":45,"column":3}},"2":{"start":{"line":10,"column":18},"end":{"line":10,"column":32}},"3":{"start":{"line":11,"column":21},"end":{"line":11,"column":38}},"4":{"start":{"line":12,"column":21},"end":{"line":12,"column":45}},"5":{"start":{"line":13,"column":17},"end":{"line":13,"column":41}},"6":{"start":{"line":16,"column":4},"end":{"line":22,"column":5}},"7":{"start":{"line":17,"column":6},"end":{"line":21,"column":8}},"8":{"start":{"line":24,"column":4},"end":{"line":30,"column":5}},"9":{"start":{"line":25,"column":6},"end":{"line":29,"column":8}},"10":{"start":{"line":32,"column":4},"end":{"line":32,"column":21}},"11":{"start":{"line":34,"column":4},"end":{"line":38,"column":6}},"12":{"start":{"line":40,"column":4},"end":{"line":44,"column":6}},"13":{"start":{"line":52,"column":28},"end":{"line":91,"column":1}},"14":{"start":{"line":53,"column":2},"end":{"line":90,"column":3}},"15":{"start":{"line":54,"column":18},"end":{"line":54,"column":32}},"16":{"start":{"line":55,"column":21},"end":{"line":55,"column":45}},"17":{"start":{"line":56,"column":18},"end":{"line":56,"column":42}},"18":{"start":{"line":59,"column":4},"end":{"line":65,"column":5}},"19":{"start":{"line":60,"column":6},"end":{"line":64,"column":8}},"20":{"start":{"line":68,"column":17},"end":{"line":72,"column":5}},"21":{"start":{"line":75,"column":4},"end":{"line":75,"column":27}},"22":{"start":{"line":77,"column":4},"end":{"line":77,"column":21}},"23":{"start":{"line":79,"column":4},"end":{"line":83,"column":6}},"24":{"start":{"line":85,"column":4},"end":{"line":89,"column":6}}},"fnMap":{"0":{"name":"(anonymous_0)","decl":{"start":{"line":8,"column":32},"end":{"line":8,"column":33}},"loc":{"start":{"line":8,"column":45},"end":{"line":46,"column":1}},"line":8},"1":{"name":"(anonymous_1)","decl":{"start":{"line":52,"column":28},"end":{"line":52,"column":29}},"loc":{"start":{"line":52,"column":41},"end":{"line":91,"column":1}},"line":52}},"branchMap":{"0":{"loc":{"start":{"line":16,"column":4},"end":{"line":22,"column":5}},"type":"if","locations":[{"start":{"line":16,"column":4},"end":{"line":22,"column":5}},{"start":{"line":16,"column":4},"end":{"line":22,"column":5}}],"line":16},"1":{"loc":{"start":{"line":24,"column":4},"end":{"line":30,"column":5}},"type":"if","locations":[{"start":{"line":24,"column":4},"end":{"line":30,"column":5}},{"start":{"line":24,"column":4},"end":{"line":30,"column":5}}],"line":24},"2":{"loc":{"start":{"line":59,"column":4},"end":{"line":65,"column":5}},"type":"if","locations":[{"start":{"line":59,"column":4},"end":{"line":65,"column":5}},{"start":{"line":59,"column":4},"end":{"line":65,"column":5}}],"line":59}},"s":{"0":1,"1":1,"2":1,"3":1,"4":1,"5":1,"6":1,"7":1,"8":0,"9":0,"10":0,"11":0,"12":0,"13":1,"14":0,"15":0,"16":0,"17":0,"18":0,"19":0,"20":0,"21":0,"22":0,"23":0,"24":0},"f":{"0":1,"1":0},"b":{"0":[1,0],"1":[0,0],"2":[0,0]},"_coverageSchema":"43e27e138ebf9cfc5966b082cf9a028302ed4184","hash":"4fc80ffa81e9b4d8d3f8f1bf07965881dec389f8"}
,"/f/ic2/src-server/modules/MongoDbClient.js": {"path":"/f/ic2/src-server/modules/MongoDbClient.js","statementMap":{"0":{"start":{"line":1,"column":0},"end":{"line":1,"column":27}},"1":{"start":{"line":4,"column":12},"end":{"line":4,"column":57}},"2":{"start":{"line":5,"column":13},"end":{"line":5,"column":48}},"3":{"start":{"line":6,"column":15},"end":{"line":6,"column":48}},"4":{"start":{"line":7,"column":17},"end":{"line":7,"column":57}},"5":{"start":{"line":8,"column":17},"end":{"line":8,"column":71}},"6":{"start":{"line":9,"column":15},"end":{"line":9,"column":53}},"7":{"start":{"line":17,"column":25},"end":{"line":32,"column":1}},"8":{"start":{"line":18,"column":2},"end":{"line":31,"column":3}},"9":{"start":{"line":19,"column":26},"end":{"line":19,"column":86}},"10":{"start":{"line":20,"column":19},"end":{"line":23,"column":6}},"11":{"start":{"line":24,"column":4},"end":{"line":24,"column":27}},"12":{"start":{"line":26,"column":4},"end":{"line":26,"column":47}},"13":{"start":{"line":28,"column":4},"end":{"line":28,"column":18}},"14":{"start":{"line":30,"column":4},"end":{"line":30,"column":31}},"15":{"start":{"line":38,"column":26},"end":{"line":40,"column":1}},"16":{"start":{"line":39,"column":2},"end":{"line":39,"column":36}},"17":{"start":{"line":42,"column":23},"end":{"line":44,"column":1}},"18":{"start":{"line":43,"column":2},"end":{"line":43,"column":35}},"19":{"start":{"line":46,"column":20},"end":{"line":52,"column":1}},"20":{"start":{"line":47,"column":2},"end":{"line":51,"column":5}},"21":{"start":{"line":48,"column":4},"end":{"line":50,"column":7}},"22":{"start":{"line":49,"column":6},"end":{"line":49,"column":40}}},"fnMap":{"0":{"name":"(anonymous_0)","decl":{"start":{"line":17,"column":25},"end":{"line":17,"column":26}},"loc":{"start":{"line":17,"column":49},"end":{"line":32,"column":1}},"line":17},"1":{"name":"(anonymous_1)","decl":{"start":{"line":38,"column":26},"end":{"line":38,"column":27}},"loc":{"start":{"line":38,"column":40},"end":{"line":40,"column":1}},"line":38},"2":{"name":"(anonymous_2)","decl":{"start":{"line":42,"column":23},"end":{"line":42,"column":24}},"loc":{"start":{"line":42,"column":38},"end":{"line":44,"column":1}},"line":42},"3":{"name":"(anonymous_3)","decl":{"start":{"line":46,"column":20},"end":{"line":46,"column":21}},"loc":{"start":{"line":46,"column":35},"end":{"line":52,"column":1}},"line":46},"4":{"name":"(anonymous_4)","decl":{"start":{"line":47,"column":21},"end":{"line":47,"column":22}},"loc":{"start":{"line":47,"column":42},"end":{"line":51,"column":3}},"line":47},"5":{"name":"(anonymous_5)","decl":{"start":{"line":48,"column":35},"end":{"line":48,"column":36}},"loc":{"start":{"line":48,"column":55},"end":{"line":50,"column":5}},"line":48}},"branchMap":{"0":{"loc":{"start":{"line":4,"column":12},"end":{"line":4,"column":57}},"type":"binary-expr","locations":[{"start":{"line":4,"column":12},"end":{"line":4,"column":35}},{"start":{"line":4,"column":39},"end":{"line":4,"column":57}}],"line":4},"1":{"loc":{"start":{"line":5,"column":13},"end":{"line":5,"column":48}},"type":"binary-expr","locations":[{"start":{"line":5,"column":13},"end":{"line":5,"column":37}},{"start":{"line":5,"column":41},"end":{"line":5,"column":48}}],"line":5},"2":{"loc":{"start":{"line":6,"column":15},"end":{"line":6,"column":48}},"type":"binary-expr","locations":[{"start":{"line":6,"column":15},"end":{"line":6,"column":37}},{"start":{"line":6,"column":41},"end":{"line":6,"column":48}}],"line":6},"3":{"loc":{"start":{"line":7,"column":17},"end":{"line":7,"column":57}},"type":"binary-expr","locations":[{"start":{"line":7,"column":17},"end":{"line":7,"column":41}},{"start":{"line":7,"column":45},"end":{"line":7,"column":57}}],"line":7},"4":{"loc":{"start":{"line":8,"column":36},"end":{"line":8,"column":70}},"type":"binary-expr","locations":[{"start":{"line":8,"column":36},"end":{"line":8,"column":64}},{"start":{"line":8,"column":68},"end":{"line":8,"column":70}}],"line":8},"5":{"loc":{"start":{"line":9,"column":15},"end":{"line":9,"column":53}},"type":"binary-expr","locations":[{"start":{"line":9,"column":15},"end":{"line":9,"column":42}},{"start":{"line":9,"column":46},"end":{"line":9,"column":53}}],"line":9},"6":{"loc":{"start":{"line":49,"column":6},"end":{"line":49,"column":39}},"type":"cond-expr","locations":[{"start":{"line":49,"column":12},"end":{"line":49,"column":23}},{"start":{"line":49,"column":26},"end":{"line":49,"column":39}}],"line":49}},"s":{"0":1,"1":1,"2":1,"3":1,"4":1,"5":1,"6":1,"7":1,"8":1,"9":1,"10":1,"11":1,"12":1,"13":1,"14":0,"15":1,"16":0,"17":1,"18":1,"19":1,"20":0,"21":0,"22":0},"f":{"0":1,"1":0,"2":1,"3":0,"4":0,"5":0},"b":{"0":[1,0],"1":[1,0],"2":[1,0],"3":[1,0],"4":[1,0],"5":[1,0],"6":[0,0]},"_coverageSchema":"43e27e138ebf9cfc5966b082cf9a028302ed4184","hash":"480e34e87b718112350867ea3ae1afc8156a949a"}
,"/f/ic2/src-server/modules/ShortLinkGenerator.js": {"path":"/f/ic2/src-server/modules/ShortLinkGenerator.js","statementMap":{"0":{"start":{"line":10,"column":33},"end":{"line":71,"column":1}},"1":{"start":{"line":11,"column":2},"end":{"line":70,"column":3}},"2":{"start":{"line":13,"column":16},"end":{"line":13,"column":28}},"3":{"start":{"line":14,"column":19},"end":{"line":14,"column":25}},"4":{"start":{"line":15,"column":28},"end":{"line":15,"column":52}},"5":{"start":{"line":18,"column":4},"end":{"line":24,"column":5}},"6":{"start":{"line":19,"column":6},"end":{"line":23,"column":8}},"7":{"start":{"line":27,"column":21},"end":{"line":27,"column":50}},"8":{"start":{"line":28,"column":28},"end":{"line":28,"column":58}},"9":{"start":{"line":31,"column":4},"end":{"line":39,"column":5}},"10":{"start":{"line":32,"column":6},"end":{"line":32,"column":23}},"11":{"start":{"line":33,"column":6},"end":{"line":38,"column":8}},"12":{"start":{"line":41,"column":22},"end":{"line":51,"column":5}},"13":{"start":{"line":54,"column":4},"end":{"line":54,"column":32}},"14":{"start":{"line":56,"column":4},"end":{"line":56,"column":21}},"15":{"start":{"line":58,"column":4},"end":{"line":63,"column":6}},"16":{"start":{"line":65,"column":4},"end":{"line":69,"column":6}},"17":{"start":{"line":77,"column":39},"end":{"line":98,"column":1}},"18":{"start":{"line":78,"column":2},"end":{"line":97,"column":3}},"19":{"start":{"line":79,"column":19},"end":{"line":79,"column":34}},"20":{"start":{"line":81,"column":4},"end":{"line":81,"column":34}},"21":{"start":{"line":83,"column":23},"end":{"line":83,"column":45}},"22":{"start":{"line":85,"column":4},"end":{"line":90,"column":6}},"23":{"start":{"line":92,"column":4},"end":{"line":96,"column":6}},"24":{"start":{"line":100,"column":42},"end":{"line":123,"column":1}},"25":{"start":{"line":101,"column":2},"end":{"line":122,"column":3}},"26":{"start":{"line":102,"column":22},"end":{"line":102,"column":46}},"27":{"start":{"line":103,"column":4},"end":{"line":103,"column":45}},"28":{"start":{"line":105,"column":4},"end":{"line":105,"column":34}},"29":{"start":{"line":107,"column":18},"end":{"line":107,"column":46}},"30":{"start":{"line":108,"column":4},"end":{"line":108,"column":37}},"31":{"start":{"line":110,"column":4},"end":{"line":115,"column":6}},"32":{"start":{"line":117,"column":4},"end":{"line":121,"column":6}}},"fnMap":{"0":{"name":"(anonymous_0)","decl":{"start":{"line":10,"column":33},"end":{"line":10,"column":34}},"loc":{"start":{"line":10,"column":46},"end":{"line":71,"column":1}},"line":10},"1":{"name":"(anonymous_1)","decl":{"start":{"line":77,"column":39},"end":{"line":77,"column":40}},"loc":{"start":{"line":77,"column":52},"end":{"line":98,"column":1}},"line":77},"2":{"name":"(anonymous_2)","decl":{"start":{"line":100,"column":42},"end":{"line":100,"column":43}},"loc":{"start":{"line":100,"column":55},"end":{"line":123,"column":1}},"line":100}},"branchMap":{"0":{"loc":{"start":{"line":18,"column":4},"end":{"line":24,"column":5}},"type":"if","locations":[{"start":{"line":18,"column":4},"end":{"line":24,"column":5}},{"start":{"line":18,"column":4},"end":{"line":24,"column":5}}],"line":18},"1":{"loc":{"start":{"line":18,"column":8},"end":{"line":18,"column":25}},"type":"binary-expr","locations":[{"start":{"line":18,"column":8},"end":{"line":18,"column":12}},{"start":{"line":18,"column":16},"end":{"line":18,"column":25}}],"line":18},"2":{"loc":{"start":{"line":31,"column":4},"end":{"line":39,"column":5}},"type":"if","locations":[{"start":{"line":31,"column":4},"end":{"line":39,"column":5}},{"start":{"line":31,"column":4},"end":{"line":39,"column":5}}],"line":31},"3":{"loc":{"start":{"line":46,"column":8},"end":{"line":48,"column":36}},"type":"cond-expr","locations":[{"start":{"line":47,"column":12},"end":{"line":47,"column":27}},{"start":{"line":48,"column":12},"end":{"line":48,"column":36}}],"line":46},"4":{"loc":{"start":{"line":46,"column":8},"end":{"line":46,"column":48}},"type":"binary-expr","locations":[{"start":{"line":46,"column":8},"end":{"line":46,"column":23}},{"start":{"line":46,"column":27},"end":{"line":46,"column":48}}],"line":46},"5":{"loc":{"start":{"line":113,"column":13},"end":{"line":113,"column":33}},"type":"cond-expr","locations":[{"start":{"line":113,"column":21},"end":{"line":113,"column":25}},{"start":{"line":113,"column":28},"end":{"line":113,"column":33}}],"line":113}},"s":{"0":1,"1":0,"2":0,"3":0,"4":0,"5":0,"6":0,"7":0,"8":0,"9":0,"10":0,"11":0,"12":0,"13":0,"14":0,"15":0,"16":0,"17":1,"18":0,"19":0,"20":0,"21":0,"22":0,"23":0,"24":1,"25":0,"26":0,"27":0,"28":0,"29":0,"30":0,"31":0,"32":0},"f":{"0":0,"1":0,"2":0},"b":{"0":[0,0],"1":[0,0],"2":[0,0],"3":[0,0],"4":[0,0],"5":[0,0]},"_coverageSchema":"43e27e138ebf9cfc5966b082cf9a028302ed4184","hash":"ac184dfcf64be637b0503eb0bf8b6341ee98c817"}
,"/f/ic2/src-server/router/index.js": {"path":"/f/ic2/src-server/router/index.js","statementMap":{"0":{"start":{"line":9,"column":15},"end":{"line":9,"column":31}},"1":{"start":{"line":12,"column":0},"end":{"line":15,"column":3}},"2":{"start":{"line":13,"column":19},"end":{"line":13,"column":46}},"3":{"start":{"line":14,"column":2},"end":{"line":14,"column":21}},"4":{"start":{"line":17,"column":0},"end":{"line":20,"column":3}},"5":{"start":{"line":18,"column":19},"end":{"line":18,"column":42}},"6":{"start":{"line":19,"column":2},"end":{"line":19,"column":21}},"7":{"start":{"line":22,"column":0},"end":{"line":25,"column":3}},"8":{"start":{"line":23,"column":19},"end":{"line":23,"column":47}},"9":{"start":{"line":24,"column":2},"end":{"line":24,"column":21}},"10":{"start":{"line":27,"column":0},"end":{"line":30,"column":3}},"11":{"start":{"line":28,"column":19},"end":{"line":28,"column":53}},"12":{"start":{"line":29,"column":2},"end":{"line":29,"column":21}},"13":{"start":{"line":32,"column":0},"end":{"line":35,"column":3}},"14":{"start":{"line":33,"column":19},"end":{"line":33,"column":56}},"15":{"start":{"line":34,"column":2},"end":{"line":34,"column":21}},"16":{"start":{"line":37,"column":0},"end":{"line":39,"column":3}},"17":{"start":{"line":38,"column":2},"end":{"line":38,"column":19}},"18":{"start":{"line":41,"column":0},"end":{"line":41,"column":24}}},"fnMap":{"0":{"name":"(anonymous_0)","decl":{"start":{"line":12,"column":21},"end":{"line":12,"column":22}},"loc":{"start":{"line":12,"column":46},"end":{"line":15,"column":1}},"line":12},"1":{"name":"(anonymous_1)","decl":{"start":{"line":17,"column":28},"end":{"line":17,"column":29}},"loc":{"start":{"line":17,"column":53},"end":{"line":20,"column":1}},"line":17},"2":{"name":"(anonymous_2)","decl":{"start":{"line":22,"column":33},"end":{"line":22,"column":34}},"loc":{"start":{"line":22,"column":58},"end":{"line":25,"column":1}},"line":22},"3":{"name":"(anonymous_3)","decl":{"start":{"line":27,"column":32},"end":{"line":27,"column":33}},"loc":{"start":{"line":27,"column":57},"end":{"line":30,"column":1}},"line":27},"4":{"name":"(anonymous_4)","decl":{"start":{"line":32,"column":45},"end":{"line":32,"column":46}},"loc":{"start":{"line":32,"column":70},"end":{"line":35,"column":1}},"line":32},"5":{"name":"(anonymous_5)","decl":{"start":{"line":37,"column":26},"end":{"line":37,"column":27}},"loc":{"start":{"line":37,"column":51},"end":{"line":39,"column":1}},"line":37}},"branchMap":{},"s":{"0":1,"1":1,"2":1,"3":1,"4":1,"5":0,"6":0,"7":1,"8":0,"9":0,"10":1,"11":0,"12":0,"13":1,"14":0,"15":0,"16":1,"17":0,"18":1},"f":{"0":1,"1":0,"2":0,"3":0,"4":0,"5":0},"b":{},"_coverageSchema":"43e27e138ebf9cfc5966b082cf9a028302ed4184","hash":"ca4c6b2253f27d7ddc6230501314ee5846aaa71e"}
,"/f/ic2/src/components/AlertDialog.vue": {"path":"/f/ic2/src/components/AlertDialog.vue","statementMap":{"0":{"start":{"line":37,"column":0},"end":{"line":37,"column":null}},"1":{"start":{"line":40,"column":0},"end":{"line":40,"column":null}}},"fnMap":{"0":{"name":"get","decl":{"start":{"line":36,"column":0},"end":{"line":36,"column":null}},"loc":{"start":{"line":36,"column":0},"end":{"line":38,"column":null}}},"1":{"name":"set","decl":{"start":{"line":39,"column":0},"end":{"line":39,"column":null}},"loc":{"start":{"line":39,"column":0},"end":{"line":41,"column":null}}}},"branchMap":{},"s":{"0":0,"1":0},"f":{"0":0,"1":0},"b":{}}
,"/f/ic2/src/layouts/MainLayout.vue": {"path":"/f/ic2/src/layouts/MainLayout.vue","statementMap":{"0":{"start":{"line":45,"column":0},"end":{"line":45,"column":null}},"1":{"start":{"line":53,"column":0},"end":{"line":53,"column":null}},"2":{"start":{"line":62,"column":0},"end":{"line":62,"column":null}},"3":{"start":{"line":63,"column":0},"end":{"line":63,"column":null}},"4":{"start":{"line":64,"column":0},"end":{"line":64,"column":null}}},"fnMap":{"0":{"name":"data","decl":{"start":{"line":52,"column":0},"end":{"line":52,"column":null}},"loc":{"start":{"line":52,"column":0},"end":{"line":59,"column":null}}},"1":{"name":"showAlertDialog","decl":{"start":{"line":61,"column":0},"end":{"line":61,"column":null}},"loc":{"start":{"line":61,"column":0},"end":{"line":65,"column":null}}}},"branchMap":{},"s":{"0":0,"1":0,"2":0,"3":0,"4":0},"f":{"0":0,"1":0},"b":{}}
,"/f/ic2/src/router/index.js": {"path":"/f/ic2/src/router/index.js","statementMap":{"0":{"start":{"line":4,"column":0},"end":{"line":4,"column":19}},"1":{"start":{"line":6,"column":15},"end":{"line":17,"column":1}},"2":{"start":{"line":9,"column":21},"end":{"line":9,"column":56}},"3":{"start":{"line":10,"column":44},"end":{"line":10,"column":71}},"4":{"start":{"line":14,"column":21},"end":{"line":14,"column":56}},"5":{"start":{"line":15,"column":44},"end":{"line":15,"column":71}},"6":{"start":{"line":19,"column":15},"end":{"line":21,"column":2}}},"fnMap":{"0":{"name":"(anonymous_0)","decl":{"start":{"line":9,"column":15},"end":{"line":9,"column":16}},"loc":{"start":{"line":9,"column":21},"end":{"line":9,"column":56}},"line":9},"1":{"name":"(anonymous_1)","decl":{"start":{"line":10,"column":38},"end":{"line":10,"column":39}},"loc":{"start":{"line":10,"column":44},"end":{"line":10,"column":71}},"line":10},"2":{"name":"(anonymous_2)","decl":{"start":{"line":14,"column":15},"end":{"line":14,"column":16}},"loc":{"start":{"line":14,"column":21},"end":{"line":14,"column":56}},"line":14},"3":{"name":"(anonymous_3)","decl":{"start":{"line":15,"column":38},"end":{"line":15,"column":39}},"loc":{"start":{"line":15,"column":44},"end":{"line":15,"column":71}},"line":15}},"branchMap":{},"s":{"0":0,"1":0,"2":0,"3":0,"4":0,"5":0,"6":0},"f":{"0":0,"1":0,"2":0,"3":0},"b":{},"hash":"2fec85d68de724b1c0dec9c01307ae00eb7ed287"}
,"/f/ic2/src/store/index.js": {"path":"/f/ic2/src/store/index.js","statementMap":{"0":{"start":{"line":4,"column":0},"end":{"line":4,"column":14}}},"fnMap":{},"branchMap":{},"s":{"0":0},"f":{},"b":{},"hash":"591ec2515f52b693d454e596dca179d69f99ed6f"}
,"/f/ic2/src/views/Auth.vue": {"path":"/f/ic2/src/views/Auth.vue","statementMap":{"0":{"start":{"line":178,"column":0},"end":{"line":178,"column":null}},"1":{"start":{"line":181,"column":0},"end":{"line":181,"column":null}},"2":{"start":{"line":190,"column":0},"end":{"line":190,"column":null}},"3":{"start":{"line":201,"column":0},"end":{"line":201,"column":null}},"4":{"start":{"line":202,"column":0},"end":{"line":202,"column":null}},"5":{"start":{"line":203,"column":0},"end":{"line":203,"column":null}},"6":{"start":{"line":206,"column":0},"end":{"line":221,"column":null}},"7":{"start":{"line":212,"column":0},"end":{"line":212,"column":null}},"8":{"start":{"line":213,"column":0},"end":{"line":213,"column":null}},"9":{"start":{"line":219,"column":0},"end":{"line":219,"column":null}},"10":{"start":{"line":220,"column":0},"end":{"line":220,"column":null}},"11":{"start":{"line":224,"column":0},"end":{"line":224,"column":null}},"12":{"start":{"line":225,"column":0},"end":{"line":225,"column":null}},"13":{"start":{"line":228,"column":0},"end":{"line":228,"column":null}},"14":{"start":{"line":231,"column":0},"end":{"line":231,"column":null}},"15":{"start":{"line":236,"column":0},"end":{"line":236,"column":null}},"16":{"start":{"line":240,"column":0},"end":{"line":240,"column":null}}},"fnMap":{"0":{"name":"data","decl":{"start":{"line":189,"column":0},"end":{"line":189,"column":null}},"loc":{"start":{"line":189,"column":0},"end":{"line":199,"column":null}}},"1":{"name":"authQuery","decl":{"start":{"line":201,"column":0},"end":{"line":201,"column":null}},"loc":{"start":{"line":201,"column":0},"end":{"line":222,"column":null}}},"2":{"name":"(anonymous_8)","decl":{"start":{"line":207,"column":0},"end":{"line":207,"column":null}},"loc":{"start":{"line":207,"column":0},"end":{"line":217,"column":null}}},"3":{"name":"(anonymous_9)","decl":{"start":{"line":217,"column":0},"end":{"line":217,"column":null}},"loc":{"start":{"line":217,"column":0},"end":{"line":221,"column":null}}},"4":{"name":"showAlertDialog","decl":{"start":{"line":224,"column":0},"end":{"line":224,"column":null}},"loc":{"start":{"line":224,"column":0},"end":{"line":226,"column":null}}},"5":{"name":"loginRequest","decl":{"start":{"line":227,"column":0},"end":{"line":227,"column":null}},"loc":{"start":{"line":227,"column":0},"end":{"line":229,"column":null}}},"6":{"name":"signupRequest","decl":{"start":{"line":230,"column":0},"end":{"line":230,"column":null}},"loc":{"start":{"line":230,"column":0},"end":{"line":232,"column":null}}},"7":{"name":"created","decl":{"start":{"line":234,"column":0},"end":{"line":234,"column":null}},"loc":{"start":{"line":234,"column":0},"end":{"line":241,"column":null}}}},"branchMap":{"0":{"loc":{"start":{"line":201,"column":0},"end":{"line":201,"column":null}},"type":"cond-expr","locations":[{"start":{"line":201,"column":0},"end":{"line":201,"column":null}},{"start":{"line":201,"column":0},"end":{"line":201,"column":null}}]},"1":{"loc":{"start":{"line":202,"column":0},"end":{"line":202,"column":null}},"type":"cond-expr","locations":[{"start":{"line":202,"column":0},"end":{"line":202,"column":null}},{"start":{"line":202,"column":0},"end":{"line":202,"column":null}}]},"2":{"loc":{"start":{"line":213,"column":0},"end":{"line":213,"column":null}},"type":"cond-expr","locations":[{"start":{"line":213,"column":0},"end":{"line":213,"column":null}},{"start":{"line":213,"column":0},"end":{"line":213,"column":null}}]},"3":{"loc":{"start":{"line":224,"column":0},"end":{"line":224,"column":null}},"type":"cond-expr","locations":[{"start":{"line":224,"column":0},"end":{"line":224,"column":null}},{"start":{"line":224,"column":0},"end":{"line":224,"column":null}}]}},"s":{"0":0,"1":0,"2":0,"3":0,"4":0,"5":0,"6":0,"7":0,"8":0,"9":0,"10":0,"11":0,"12":0,"13":0,"14":0,"15":0,"16":0},"f":{"0":0,"1":0,"2":0,"3":0,"4":0,"5":0,"6":0,"7":0},"b":{"0":[0,0],"1":[0,0],"2":[0,0],"3":[0,0]}}
,"/f/ic2/src/views/Home.vue": {"path":"/f/ic2/src/views/Home.vue","statementMap":{"0":{"start":{"line":191,"column":0},"end":{"line":191,"column":null}},"1":{"start":{"line":197,"column":0},"end":{"line":197,"column":null}},"2":{"start":{"line":206,"column":0},"end":{"line":206,"column":null}},"3":{"start":{"line":225,"column":0},"end":{"line":225,"column":null}},"4":{"start":{"line":226,"column":0},"end":{"line":226,"column":null}},"5":{"start":{"line":233,"column":0},"end":{"line":233,"column":null}},"6":{"start":{"line":234,"column":0},"end":{"line":234,"column":null}},"7":{"start":{"line":241,"column":0},"end":{"line":241,"column":null}},"8":{"start":{"line":242,"column":0},"end":{"line":242,"column":null}},"9":{"start":{"line":249,"column":0},"end":{"line":249,"column":null}},"10":{"start":{"line":250,"column":0},"end":{"line":250,"column":null}},"11":{"start":{"line":257,"column":0},"end":{"line":257,"column":null}},"12":{"start":{"line":258,"column":0},"end":{"line":258,"column":null}},"13":{"start":{"line":265,"column":0},"end":{"line":265,"column":null}},"14":{"start":{"line":266,"column":0},"end":{"line":266,"column":null}},"15":{"start":{"line":268,"column":0},"end":{"line":288,"column":null}},"16":{"start":{"line":276,"column":0},"end":{"line":276,"column":null}},"17":{"start":{"line":277,"column":0},"end":{"line":277,"column":null}},"18":{"start":{"line":281,"column":0},"end":{"line":281,"column":null}},"19":{"start":{"line":282,"column":0},"end":{"line":282,"column":null}},"20":{"start":{"line":283,"column":0},"end":{"line":283,"column":null}},"21":{"start":{"line":286,"column":0},"end":{"line":286,"column":null}},"22":{"start":{"line":287,"column":0},"end":{"line":287,"column":null}},"23":{"start":{"line":290,"column":0},"end":{"line":290,"column":null}},"24":{"start":{"line":292,"column":0},"end":{"line":301,"column":null}},"25":{"start":{"line":297,"column":0},"end":{"line":297,"column":null}},"26":{"start":{"line":300,"column":0},"end":{"line":300,"column":null}},"27":{"start":{"line":303,"column":0},"end":{"line":303,"column":null}},"28":{"start":{"line":303,"column":0},"end":{"line":321,"column":null}},"29":{"start":{"line":305,"column":0},"end":{"line":305,"column":null}},"30":{"start":{"line":306,"column":0},"end":{"line":320,"column":null}},"31":{"start":{"line":312,"column":0},"end":{"line":312,"column":null}},"32":{"start":{"line":313,"column":0},"end":{"line":313,"column":null}},"33":{"start":{"line":314,"column":0},"end":{"line":314,"column":null}},"34":{"start":{"line":317,"column":0},"end":{"line":317,"column":null}},"35":{"start":{"line":318,"column":0},"end":{"line":318,"column":null}},"36":{"start":{"line":319,"column":0},"end":{"line":319,"column":null}},"37":{"start":{"line":324,"column":0},"end":{"line":324,"column":null}},"38":{"start":{"line":325,"column":0},"end":{"line":325,"column":null}},"39":{"start":{"line":330,"column":0},"end":{"line":330,"column":null}},"40":{"start":{"line":334,"column":0},"end":{"line":334,"column":null}},"41":{"start":{"line":339,"column":0},"end":{"line":341,"column":null}},"42":{"start":{"line":340,"column":0},"end":{"line":340,"column":null}},"43":{"start":{"line":342,"column":0},"end":{"line":342,"column":null}},"44":{"start":{"line":345,"column":0},"end":{"line":345,"column":null}},"45":{"start":{"line":347,"column":0},"end":{"line":347,"column":null}},"46":{"start":{"line":348,"column":0},"end":{"line":359,"column":null}},"47":{"start":{"line":349,"column":0},"end":{"line":351,"column":null}},"48":{"start":{"line":350,"column":0},"end":{"line":350,"column":null}},"49":{"start":{"line":352,"column":0},"end":{"line":354,"column":null}},"50":{"start":{"line":353,"column":0},"end":{"line":353,"column":null}},"51":{"start":{"line":355,"column":0},"end":{"line":357,"column":null}},"52":{"start":{"line":356,"column":0},"end":{"line":356,"column":null}},"53":{"start":{"line":358,"column":0},"end":{"line":358,"column":null}}},"fnMap":{"0":{"name":"data","decl":{"start":{"line":205,"column":0},"end":{"line":205,"column":null}},"loc":{"start":{"line":205,"column":0},"end":{"line":263,"column":null}}},"1":{"name":"field","decl":{"start":{"line":225,"column":0},"end":{"line":225,"column":null}},"loc":{"start":{"line":225,"column":0},"end":{"line":225,"column":null}}},"2":{"name":"format","decl":{"start":{"line":226,"column":0},"end":{"line":226,"column":null}},"loc":{"start":{"line":226,"column":0},"end":{"line":226,"column":null}}},"3":{"name":"field","decl":{"start":{"line":233,"column":0},"end":{"line":233,"column":null}},"loc":{"start":{"line":233,"column":0},"end":{"line":233,"column":null}}},"4":{"name":"format","decl":{"start":{"line":234,"column":0},"end":{"line":234,"column":null}},"loc":{"start":{"line":234,"column":0},"end":{"line":234,"column":null}}},"5":{"name":"field","decl":{"start":{"line":241,"column":0},"end":{"line":241,"column":null}},"loc":{"start":{"line":241,"column":0},"end":{"line":241,"column":null}}},"6":{"name":"format","decl":{"start":{"line":242,"column":0},"end":{"line":242,"column":null}},"loc":{"start":{"line":242,"column":0},"end":{"line":242,"column":null}}},"7":{"name":"field","decl":{"start":{"line":249,"column":0},"end":{"line":249,"column":null}},"loc":{"start":{"line":249,"column":0},"end":{"line":249,"column":null}}},"8":{"name":"format","decl":{"start":{"line":250,"column":0},"end":{"line":250,"column":null}},"loc":{"start":{"line":250,"column":0},"end":{"line":250,"column":null}}},"9":{"name":"field","decl":{"start":{"line":257,"column":0},"end":{"line":257,"column":null}},"loc":{"start":{"line":257,"column":0},"end":{"line":257,"column":null}}},"10":{"name":"format","decl":{"start":{"line":258,"column":0},"end":{"line":258,"column":null}},"loc":{"start":{"line":258,"column":0},"end":{"line":258,"column":null}}},"11":{"name":"generateShortLinkRequest","decl":{"start":{"line":265,"column":0},"end":{"line":265,"column":null}},"loc":{"start":{"line":265,"column":0},"end":{"line":289,"column":null}}},"12":{"name":"(anonymous_15)","decl":{"start":{"line":269,"column":0},"end":{"line":269,"column":null}},"loc":{"start":{"line":269,"column":0},"end":{"line":284,"column":null}}},"13":{"name":"(anonymous_16)","decl":{"start":{"line":284,"column":0},"end":{"line":284,"column":null}},"loc":{"start":{"line":284,"column":0},"end":{"line":288,"column":null}}},"14":{"name":"fetchShortLinks","decl":{"start":{"line":290,"column":0},"end":{"line":290,"column":null}},"loc":{"start":{"line":290,"column":0},"end":{"line":302,"column":null}}},"15":{"name":"(anonymous_20)","decl":{"start":{"line":293,"column":0},"end":{"line":293,"column":null}},"loc":{"start":{"line":293,"column":0},"end":{"line":298,"column":null}}},"16":{"name":"(anonymous_21)","decl":{"start":{"line":298,"column":0},"end":{"line":298,"column":null}},"loc":{"start":{"line":298,"column":0},"end":{"line":301,"column":null}}},"17":{"name":"checkCustomLinkRequest","decl":{"start":{"line":303,"column":0},"end":{"line":303,"column":null}},"loc":{"start":{"line":303,"column":0},"end":{"line":322,"column":null}}},"18":{"name":"(anonymous_26)","decl":{"start":{"line":307,"column":0},"end":{"line":307,"column":null}},"loc":{"start":{"line":307,"column":0},"end":{"line":315,"column":null}}},"19":{"name":"(anonymous_27)","decl":{"start":{"line":315,"column":0},"end":{"line":315,"column":null}},"loc":{"start":{"line":315,"column":0},"end":{"line":320,"column":null}}},"20":{"name":"showAlertDialog","decl":{"start":{"line":324,"column":0},"end":{"line":324,"column":null}},"loc":{"start":{"line":324,"column":0},"end":{"line":326,"column":null}}},"21":{"name":"dateValidation","decl":{"start":{"line":328,"column":0},"end":{"line":328,"column":null}},"loc":{"start":{"line":328,"column":0},"end":{"line":331,"column":null}}},"22":{"name":"timeValidation","decl":{"start":{"line":333,"column":0},"end":{"line":333,"column":null}},"loc":{"start":{"line":333,"column":0},"end":{"line":343,"column":null}}},"23":{"name":"created","decl":{"start":{"line":345,"column":0},"end":{"line":345,"column":null}},"loc":{"start":{"line":345,"column":0},"end":{"line":360,"column":null}}},"24":{"name":"(anonymous_32)","decl":{"start":{"line":348,"column":0},"end":{"line":348,"column":null}},"loc":{"start":{"line":348,"column":0},"end":{"line":359,"column":null}}}},"branchMap":{"0":{"loc":{"start":{"line":265,"column":0},"end":{"line":288,"column":null}},"type":"switch","locations":[{"start":{"line":265,"column":0},"end":{"line":288,"column":null}},{"start":{"line":265,"column":0},"end":{"line":265,"column":null}},{"start":{"line":265,"column":0},"end":{"line":265,"column":null}}]},"1":{"loc":{"start":{"line":277,"column":0},"end":{"line":277,"column":null}},"type":"cond-expr","locations":[{"start":{"line":277,"column":0},"end":{"line":277,"column":null}},{"start":{"line":277,"column":0},"end":{"line":277,"column":null}}]},"2":{"loc":{"start":{"line":290,"column":0},"end":{"line":301,"column":null}},"type":"switch","locations":[{"start":{"line":290,"column":0},"end":{"line":301,"column":null}},{"start":{"line":290,"column":0},"end":{"line":290,"column":null}},{"start":{"line":290,"column":0},"end":{"line":290,"column":null}}]},"3":{"loc":{"start":{"line":303,"column":0},"end":{"line":321,"column":null}},"type":"switch","locations":[{"start":{"line":303,"column":0},"end":{"line":321,"column":null}},{"start":{"line":303,"column":0},"end":{"line":303,"column":null}},{"start":{"line":303,"column":0},"end":{"line":303,"column":null}}]},"4":{"loc":{"start":{"line":324,"column":0},"end":{"line":324,"column":null}},"type":"cond-expr","locations":[{"start":{"line":324,"column":0},"end":{"line":324,"column":null}},{"start":{"line":324,"column":0},"end":{"line":324,"column":null}}]},"5":{"loc":{"start":{"line":339,"column":0},"end":{"line":341,"column":null}},"type":"if","locations":[{"start":{"line":339,"column":0},"end":{"line":341,"column":null}},{"start":{"line":339,"column":0},"end":{"line":341,"column":null}}]},"6":{"loc":{"start":{"line":349,"column":0},"end":{"line":351,"column":null}},"type":"if","locations":[{"start":{"line":349,"column":0},"end":{"line":351,"column":null}},{"start":{"line":349,"column":0},"end":{"line":351,"column":null}}]},"7":{"loc":{"start":{"line":352,"column":0},"end":{"line":354,"column":null}},"type":"if","locations":[{"start":{"line":352,"column":0},"end":{"line":354,"column":null}},{"start":{"line":352,"column":0},"end":{"line":354,"column":null}}]},"8":{"loc":{"start":{"line":355,"column":0},"end":{"line":357,"column":null}},"type":"if","locations":[{"start":{"line":355,"column":0},"end":{"line":357,"column":null}},{"start":{"line":355,"column":0},"end":{"line":357,"column":null}}]}},"s":{"0":0,"1":0,"2":0,"3":0,"4":0,"5":0,"6":0,"7":0,"8":0,"9":0,"10":0,"11":0,"12":0,"13":0,"14":0,"15":0,"16":0,"17":0,"18":0,"19":0,"20":0,"21":0,"22":0,"23":0,"24":0,"25":0,"26":0,"27":0,"28":0,"29":0,"30":0,"31":0,"32":0,"33":0,"34":0,"35":0,"36":0,"37":0,"38":0,"39":0,"40":0,"41":0,"42":0,"43":0,"44":0,"45":0,"46":0,"47":0,"48":0,"49":0,"50":0,"51":0,"52":0,"53":0},"f":{"0":0,"1":0,"2":0,"3":0,"4":0,"5":0,"6":0,"7":0,"8":0,"9":0,"10":0,"11":0,"12":0,"13":0,"14":0,"15":0,"16":0,"17":0,"18":0,"19":0,"20":0,"21":0,"22":0,"23":0,"24":0},"b":{"0":[0,0,0],"1":[0,0],"2":[0,0,0],"3":[0,0,0],"4":[0,0],"5":[0,0],"6":[0,0],"7":[0,0],"8":[0,0]}}
}
