{"/f/ic2/src/main.js": {"path":"/f/ic2/src/main.js","statementMap":{"0":{"start":{"line":9,"column":0},"end":{"line":9,"column":25}},"1":{"start":{"line":12,"column":0},"end":{"line":12,"column":57}},"2":{"start":{"line":14,"column":0},"end":{"line":14,"column":33}},"3":{"start":{"line":16,"column":0},"end":{"line":20,"column":18}},"4":{"start":{"line":19,"column":15},"end":{"line":19,"column":21}}},"fnMap":{"0":{"name":"(anonymous_0)","decl":{"start":{"line":19,"column":10},"end":{"line":19,"column":11}},"loc":{"start":{"line":19,"column":15},"end":{"line":19,"column":21}},"line":19}},"branchMap":{},"s":{"0":0,"1":0,"2":0,"3":0,"4":0},"f":{"0":0},"b":{},"hash":"2bf265ef97e0c383893b356b4c6c725365531461"}
,"/f/ic2/src/quasar.js": {"path":"/f/ic2/src/quasar.js","statementMap":{"0":{"start":{"line":8,"column":0},"end":{"line":17,"column":3}}},"fnMap":{},"branchMap":{},"s":{"0":0},"f":{},"b":{},"hash":"30df669f264225b2f4219c6d73bc5952028ac520"}
,"/f/ic2/src-server/server.js": {"path":"/f/ic2/src-server/server.js","statementMap":{"0":{"start":{"line":2,"column":0},"end":{"line":2,"column":27}},"1":{"start":{"line":11,"column":19},"end":{"line":11,"column":28}},"2":{"start":{"line":12,"column":13},"end":{"line":12,"column":41}},"3":{"start":{"line":14,"column":27},"end":{"line":14,"column":47}},"4":{"start":{"line":15,"column":0},"end":{"line":17,"column":3}},"5":{"start":{"line":16,"column":2},"end":{"line":16,"column":23}},"6":{"start":{"line":18,"column":26},"end":{"line":18,"column":43}},"7":{"start":{"line":21,"column":0},"end":{"line":21,"column":16}},"8":{"start":{"line":23,"column":0},"end":{"line":27,"column":2}},"9":{"start":{"line":28,"column":0},"end":{"line":28,"column":27}},"10":{"start":{"line":30,"column":0},"end":{"line":30,"column":30}},"11":{"start":{"line":32,"column":0},"end":{"line":32,"column":27}},"12":{"start":{"line":34,"column":0},"end":{"line":34,"column":33}},"13":{"start":{"line":36,"column":0},"end":{"line":36,"column":70}},"14":{"start":{"line":36,"column":23},"end":{"line":36,"column":68}},"15":{"start":{"line":38,"column":0},"end":{"line":38,"column":21}}},"fnMap":{"0":{"name":"(anonymous_0)","decl":{"start":{"line":15,"column":24},"end":{"line":15,"column":25}},"loc":{"start":{"line":15,"column":40},"end":{"line":17,"column":1}},"line":15},"1":{"name":"(anonymous_1)","decl":{"start":{"line":36,"column":17},"end":{"line":36,"column":18}},"loc":{"start":{"line":36,"column":23},"end":{"line":36,"column":68}},"line":36}},"branchMap":{"0":{"loc":{"start":{"line":12,"column":13},"end":{"line":12,"column":41}},"type":"binary-expr","locations":[{"start":{"line":12,"column":13},"end":{"line":12,"column":33}},{"start":{"line":12,"column":37},"end":{"line":12,"column":41}}],"line":12}},"s":{"0":1,"1":1,"2":1,"3":1,"4":1,"5":0,"6":1,"7":1,"8":1,"9":1,"10":1,"11":1,"12":1,"13":1,"14":1,"15":1},"f":{"0":0,"1":1},"b":{"0":[1,0]},"_coverageSchema":"43e27e138ebf9cfc5966b082cf9a028302ed4184","hash":"1f4393577d185a7fbd949f1c37f2406064a21517"}
,"/f/ic2/src-server/modules/Auth.js": {"path":"/f/ic2/src-server/modules/Auth.js","statementMap":{"0":{"start":{"line":9,"column":32},"end":{"line":55,"column":1}},"1":{"start":{"line":10,"column":2},"end":{"line":54,"column":5}},"2":{"start":{"line":11,"column":4},"end":{"line":53,"column":5}},"3":{"start":{"line":12,"column":20},"end":{"line":12,"column":48}},"4":{"start":{"line":13,"column":23},"end":{"line":13,"column":40}},"5":{"start":{"line":14,"column":23},"end":{"line":14,"column":47}},"6":{"start":{"line":15,"column":19},"end":{"line":15,"column":43}},"7":{"start":{"line":18,"column":6},"end":{"line":26,"column":7}},"8":{"start":{"line":19,"column":8},"end":{"line":23,"column":11}},"9":{"start":{"line":24,"column":8},"end":{"line":24,"column":18}},"10":{"start":{"line":25,"column":8},"end":{"line":25,"column":18}},"11":{"start":{"line":27,"column":6},"end":{"line":27,"column":23}},"12":{"start":{"line":29,"column":6},"end":{"line":37,"column":7}},"13":{"start":{"line":30,"column":8},"end":{"line":34,"column":11}},"14":{"start":{"line":35,"column":8},"end":{"line":35,"column":18}},"15":{"start":{"line":36,"column":8},"end":{"line":36,"column":18}},"16":{"start":{"line":40,"column":20},"end":{"line":40,"column":43}},"17":{"start":{"line":42,"column":6},"end":{"line":48,"column":9}},"18":{"start":{"line":49,"column":6},"end":{"line":49,"column":16}},"19":{"start":{"line":50,"column":6},"end":{"line":50,"column":16}},"20":{"start":{"line":52,"column":6},"end":{"line":52,"column":24}},"21":{"start":{"line":61,"column":28},"end":{"line":106,"column":1}},"22":{"start":{"line":62,"column":2},"end":{"line":105,"column":5}},"23":{"start":{"line":63,"column":4},"end":{"line":104,"column":5}},"24":{"start":{"line":64,"column":20},"end":{"line":64,"column":48}},"25":{"start":{"line":65,"column":23},"end":{"line":65,"column":47}},"26":{"start":{"line":66,"column":20},"end":{"line":66,"column":44}},"27":{"start":{"line":69,"column":6},"end":{"line":77,"column":7}},"28":{"start":{"line":70,"column":8},"end":{"line":74,"column":11}},"29":{"start":{"line":75,"column":8},"end":{"line":75,"column":18}},"30":{"start":{"line":76,"column":8},"end":{"line":76,"column":18}},"31":{"start":{"line":80,"column":19},"end":{"line":84,"column":7}},"32":{"start":{"line":87,"column":6},"end":{"line":87,"column":29}},"33":{"start":{"line":89,"column":6},"end":{"line":89,"column":23}},"34":{"start":{"line":91,"column":6},"end":{"line":95,"column":9}},"35":{"start":{"line":96,"column":6},"end":{"line":96,"column":16}},"36":{"start":{"line":97,"column":6},"end":{"line":97,"column":16}},"37":{"start":{"line":99,"column":6},"end":{"line":103,"column":9}}},"fnMap":{"0":{"name":"(anonymous_0)","decl":{"start":{"line":9,"column":32},"end":{"line":9,"column":33}},"loc":{"start":{"line":9,"column":52},"end":{"line":55,"column":1}},"line":9},"1":{"name":"(anonymous_1)","decl":{"start":{"line":10,"column":21},"end":{"line":10,"column":22}},"loc":{"start":{"line":10,"column":48},"end":{"line":54,"column":3}},"line":10},"2":{"name":"(anonymous_2)","decl":{"start":{"line":61,"column":28},"end":{"line":61,"column":29}},"loc":{"start":{"line":61,"column":48},"end":{"line":106,"column":1}},"line":61},"3":{"name":"(anonymous_3)","decl":{"start":{"line":62,"column":21},"end":{"line":62,"column":22}},"loc":{"start":{"line":62,"column":48},"end":{"line":105,"column":3}},"line":62}},"branchMap":{"0":{"loc":{"start":{"line":18,"column":6},"end":{"line":26,"column":7}},"type":"if","locations":[{"start":{"line":18,"column":6},"end":{"line":26,"column":7}},{"start":{"line":18,"column":6},"end":{"line":26,"column":7}}],"line":18},"1":{"loc":{"start":{"line":29,"column":6},"end":{"line":37,"column":7}},"type":"if","locations":[{"start":{"line":29,"column":6},"end":{"line":37,"column":7}},{"start":{"line":29,"column":6},"end":{"line":37,"column":7}}],"line":29},"2":{"loc":{"start":{"line":69,"column":6},"end":{"line":77,"column":7}},"type":"if","locations":[{"start":{"line":69,"column":6},"end":{"line":77,"column":7}},{"start":{"line":69,"column":6},"end":{"line":77,"column":7}}],"line":69}},"s":{"0":1,"1":2,"2":2,"3":2,"4":2,"5":2,"6":2,"7":2,"8":0,"9":0,"10":0,"11":2,"12":2,"13":1,"14":1,"15":1,"16":2,"17":2,"18":1,"19":1,"20":1,"21":1,"22":1,"23":1,"24":1,"25":1,"26":1,"27":1,"28":0,"29":0,"30":0,"31":1,"32":1,"33":1,"34":1,"35":1,"36":1,"37":0},"f":{"0":2,"1":2,"2":1,"3":1},"b":{"0":[0,2],"1":[1,1],"2":[0,1]},"_coverageSchema":"43e27e138ebf9cfc5966b082cf9a028302ed4184","hash":"1647d247ce82bdf9f80b6563222caaa90041d7d9"}
,"/f/ic2/src-server/modules/JWToken.js": {"path":"/f/ic2/src-server/modules/JWToken.js","statementMap":{"0":{"start":{"line":1,"column":0},"end":{"line":1,"column":27}},"1":{"start":{"line":6,"column":33},"end":{"line":24,"column":1}},"2":{"start":{"line":7,"column":2},"end":{"line":23,"column":3}},"3":{"start":{"line":8,"column":23},"end":{"line":8,"column":63}},"4":{"start":{"line":9,"column":16},"end":{"line":9,"column":35}},"5":{"start":{"line":11,"column":24},"end":{"line":14,"column":5}},"6":{"start":{"line":16,"column":4},"end":{"line":16,"column":77}},"7":{"start":{"line":18,"column":4},"end":{"line":22,"column":6}},"8":{"start":{"line":26,"column":27},"end":{"line":53,"column":1}},"9":{"start":{"line":27,"column":2},"end":{"line":52,"column":5}},"10":{"start":{"line":28,"column":4},"end":{"line":51,"column":5}},"11":{"start":{"line":29,"column":24},"end":{"line":29,"column":63}},"12":{"start":{"line":30,"column":20},"end":{"line":30,"column":48}},"13":{"start":{"line":31,"column":6},"end":{"line":37,"column":7}},"14":{"start":{"line":32,"column":8},"end":{"line":36,"column":11}},"15":{"start":{"line":38,"column":18},"end":{"line":38,"column":37}},"16":{"start":{"line":39,"column":26},"end":{"line":42,"column":7}},"17":{"start":{"line":43,"column":19},"end":{"line":43,"column":60}},"18":{"start":{"line":44,"column":6},"end":{"line":44,"column":20}},"19":{"start":{"line":46,"column":6},"end":{"line":50,"column":9}}},"fnMap":{"0":{"name":"(anonymous_0)","decl":{"start":{"line":6,"column":33},"end":{"line":6,"column":34}},"loc":{"start":{"line":6,"column":41},"end":{"line":24,"column":1}},"line":6},"1":{"name":"(anonymous_1)","decl":{"start":{"line":26,"column":27},"end":{"line":26,"column":28}},"loc":{"start":{"line":26,"column":40},"end":{"line":53,"column":1}},"line":26},"2":{"name":"(anonymous_2)","decl":{"start":{"line":27,"column":21},"end":{"line":27,"column":22}},"loc":{"start":{"line":27,"column":42},"end":{"line":52,"column":3}},"line":27}},"branchMap":{"0":{"loc":{"start":{"line":31,"column":6},"end":{"line":37,"column":7}},"type":"if","locations":[{"start":{"line":31,"column":6},"end":{"line":37,"column":7}},{"start":{"line":31,"column":6},"end":{"line":37,"column":7}}],"line":31},"1":{"loc":{"start":{"line":31,"column":10},"end":{"line":31,"column":31}},"type":"binary-expr","locations":[{"start":{"line":31,"column":10},"end":{"line":31,"column":16}},{"start":{"line":31,"column":20},"end":{"line":31,"column":31}}],"line":31}},"s":{"0":1,"1":1,"2":2,"3":2,"4":2,"5":2,"6":2,"7":0,"8":1,"9":3,"10":3,"11":3,"12":3,"13":3,"14":0,"15":3,"16":3,"17":3,"18":3,"19":0},"f":{"0":2,"1":3,"2":3},"b":{"0":[0,3],"1":[3,3]},"_coverageSchema":"43e27e138ebf9cfc5966b082cf9a028302ed4184","hash":"9fc05650258fb5abbaa12804762174656a7a676b"}
,"/f/ic2/src-server/modules/MainRedirector.js": {"path":"/f/ic2/src-server/modules/MainRedirector.js","statementMap":{"0":{"start":{"line":9,"column":37},"end":{"line":44,"column":1}},"1":{"start":{"line":10,"column":2},"end":{"line":43,"column":5}},"2":{"start":{"line":11,"column":4},"end":{"line":42,"column":5}},"3":{"start":{"line":12,"column":24},"end":{"line":12,"column":44}},"4":{"start":{"line":14,"column":6},"end":{"line":14,"column":36}},"5":{"start":{"line":16,"column":6},"end":{"line":24,"column":20}},"6":{"start":{"line":18,"column":8},"end":{"line":23,"column":11}},"7":{"start":{"line":19,"column":10},"end":{"line":22,"column":11}},"8":{"start":{"line":20,"column":12},"end":{"line":20,"column":32}},"9":{"start":{"line":21,"column":12},"end":{"line":21,"column":22}},"10":{"start":{"line":27,"column":20},"end":{"line":27,"column":48}},"11":{"start":{"line":28,"column":6},"end":{"line":30,"column":7}},"12":{"start":{"line":29,"column":8},"end":{"line":29,"column":31}},"13":{"start":{"line":32,"column":6},"end":{"line":37,"column":7}},"14":{"start":{"line":33,"column":28},"end":{"line":33,"column":68}},"15":{"start":{"line":34,"column":8},"end":{"line":36,"column":9}},"16":{"start":{"line":35,"column":10},"end":{"line":35,"column":33}},"17":{"start":{"line":38,"column":6},"end":{"line":38,"column":30}},"18":{"start":{"line":39,"column":6},"end":{"line":39,"column":16}},"19":{"start":{"line":41,"column":6},"end":{"line":41,"column":24}}},"fnMap":{"0":{"name":"(anonymous_0)","decl":{"start":{"line":9,"column":37},"end":{"line":9,"column":38}},"loc":{"start":{"line":9,"column":57},"end":{"line":44,"column":1}},"line":9},"1":{"name":"(anonymous_1)","decl":{"start":{"line":10,"column":21},"end":{"line":10,"column":22}},"loc":{"start":{"line":10,"column":48},"end":{"line":43,"column":3}},"line":10},"2":{"name":"(anonymous_2)","decl":{"start":{"line":18,"column":35},"end":{"line":18,"column":36}},"loc":{"start":{"line":18,"column":53},"end":{"line":23,"column":9}},"line":18}},"branchMap":{"0":{"loc":{"start":{"line":19,"column":10},"end":{"line":22,"column":11}},"type":"if","locations":[{"start":{"line":19,"column":10},"end":{"line":22,"column":11}},{"start":{"line":19,"column":10},"end":{"line":22,"column":11}}],"line":19},"1":{"loc":{"start":{"line":28,"column":6},"end":{"line":30,"column":7}},"type":"if","locations":[{"start":{"line":28,"column":6},"end":{"line":30,"column":7}},{"start":{"line":28,"column":6},"end":{"line":30,"column":7}}],"line":28},"2":{"loc":{"start":{"line":32,"column":6},"end":{"line":37,"column":7}},"type":"if","locations":[{"start":{"line":32,"column":6},"end":{"line":37,"column":7}},{"start":{"line":32,"column":6},"end":{"line":37,"column":7}}],"line":32},"3":{"loc":{"start":{"line":32,"column":10},"end":{"line":32,"column":48}},"type":"binary-expr","locations":[{"start":{"line":32,"column":10},"end":{"line":32,"column":24}},{"start":{"line":32,"column":28},"end":{"line":32,"column":48}}],"line":32},"4":{"loc":{"start":{"line":34,"column":8},"end":{"line":36,"column":9}},"type":"if","locations":[{"start":{"line":34,"column":8},"end":{"line":36,"column":9}},{"start":{"line":34,"column":8},"end":{"line":36,"column":9}}],"line":34}},"s":{"0":1,"1":1,"2":1,"3":1,"4":1,"5":1,"6":1,"7":1,"8":1,"9":1,"10":1,"11":0,"12":0,"13":0,"14":0,"15":0,"16":0,"17":0,"18":0,"19":0},"f":{"0":1,"1":1,"2":1},"b":{"0":[1,0],"1":[0,0],"2":[0,0],"3":[0,0],"4":[0,0]},"_coverageSchema":"43e27e138ebf9cfc5966b082cf9a028302ed4184","hash":"4e03b00284ea3b0206fb12b6f54236dea41793d2"}
,"/f/ic2/src-server/modules/MongoDbClient.js": {"path":"/f/ic2/src-server/modules/MongoDbClient.js","statementMap":{"0":{"start":{"line":1,"column":0},"end":{"line":1,"column":27}},"1":{"start":{"line":4,"column":12},"end":{"line":4,"column":57}},"2":{"start":{"line":5,"column":13},"end":{"line":5,"column":48}},"3":{"start":{"line":6,"column":15},"end":{"line":6,"column":48}},"4":{"start":{"line":7,"column":17},"end":{"line":7,"column":57}},"5":{"start":{"line":8,"column":17},"end":{"line":8,"column":71}},"6":{"start":{"line":9,"column":15},"end":{"line":9,"column":53}},"7":{"start":{"line":17,"column":25},"end":{"line":32,"column":1}},"8":{"start":{"line":18,"column":2},"end":{"line":31,"column":3}},"9":{"start":{"line":19,"column":26},"end":{"line":19,"column":86}},"10":{"start":{"line":20,"column":19},"end":{"line":23,"column":6}},"11":{"start":{"line":24,"column":4},"end":{"line":24,"column":27}},"12":{"start":{"line":26,"column":4},"end":{"line":26,"column":47}},"13":{"start":{"line":28,"column":4},"end":{"line":28,"column":18}},"14":{"start":{"line":30,"column":4},"end":{"line":30,"column":31}},"15":{"start":{"line":38,"column":26},"end":{"line":40,"column":1}},"16":{"start":{"line":39,"column":2},"end":{"line":39,"column":36}},"17":{"start":{"line":42,"column":23},"end":{"line":44,"column":1}},"18":{"start":{"line":43,"column":2},"end":{"line":43,"column":35}},"19":{"start":{"line":46,"column":20},"end":{"line":52,"column":1}},"20":{"start":{"line":47,"column":2},"end":{"line":51,"column":5}},"21":{"start":{"line":48,"column":4},"end":{"line":50,"column":7}},"22":{"start":{"line":49,"column":6},"end":{"line":49,"column":40}}},"fnMap":{"0":{"name":"(anonymous_0)","decl":{"start":{"line":17,"column":25},"end":{"line":17,"column":26}},"loc":{"start":{"line":17,"column":49},"end":{"line":32,"column":1}},"line":17},"1":{"name":"(anonymous_1)","decl":{"start":{"line":38,"column":26},"end":{"line":38,"column":27}},"loc":{"start":{"line":38,"column":40},"end":{"line":40,"column":1}},"line":38},"2":{"name":"(anonymous_2)","decl":{"start":{"line":42,"column":23},"end":{"line":42,"column":24}},"loc":{"start":{"line":42,"column":38},"end":{"line":44,"column":1}},"line":42},"3":{"name":"(anonymous_3)","decl":{"start":{"line":46,"column":20},"end":{"line":46,"column":21}},"loc":{"start":{"line":46,"column":35},"end":{"line":52,"column":1}},"line":46},"4":{"name":"(anonymous_4)","decl":{"start":{"line":47,"column":21},"end":{"line":47,"column":22}},"loc":{"start":{"line":47,"column":42},"end":{"line":51,"column":3}},"line":47},"5":{"name":"(anonymous_5)","decl":{"start":{"line":48,"column":35},"end":{"line":48,"column":36}},"loc":{"start":{"line":48,"column":55},"end":{"line":50,"column":5}},"line":48}},"branchMap":{"0":{"loc":{"start":{"line":4,"column":12},"end":{"line":4,"column":57}},"type":"binary-expr","locations":[{"start":{"line":4,"column":12},"end":{"line":4,"column":35}},{"start":{"line":4,"column":39},"end":{"line":4,"column":57}}],"line":4},"1":{"loc":{"start":{"line":5,"column":13},"end":{"line":5,"column":48}},"type":"binary-expr","locations":[{"start":{"line":5,"column":13},"end":{"line":5,"column":37}},{"start":{"line":5,"column":41},"end":{"line":5,"column":48}}],"line":5},"2":{"loc":{"start":{"line":6,"column":15},"end":{"line":6,"column":48}},"type":"binary-expr","locations":[{"start":{"line":6,"column":15},"end":{"line":6,"column":37}},{"start":{"line":6,"column":41},"end":{"line":6,"column":48}}],"line":6},"3":{"loc":{"start":{"line":7,"column":17},"end":{"line":7,"column":57}},"type":"binary-expr","locations":[{"start":{"line":7,"column":17},"end":{"line":7,"column":41}},{"start":{"line":7,"column":45},"end":{"line":7,"column":57}}],"line":7},"4":{"loc":{"start":{"line":8,"column":36},"end":{"line":8,"column":70}},"type":"binary-expr","locations":[{"start":{"line":8,"column":36},"end":{"line":8,"column":64}},{"start":{"line":8,"column":68},"end":{"line":8,"column":70}}],"line":8},"5":{"loc":{"start":{"line":9,"column":15},"end":{"line":9,"column":53}},"type":"binary-expr","locations":[{"start":{"line":9,"column":15},"end":{"line":9,"column":42}},{"start":{"line":9,"column":46},"end":{"line":9,"column":53}}],"line":9},"6":{"loc":{"start":{"line":49,"column":6},"end":{"line":49,"column":39}},"type":"cond-expr","locations":[{"start":{"line":49,"column":12},"end":{"line":49,"column":23}},{"start":{"line":49,"column":26},"end":{"line":49,"column":39}}],"line":49}},"s":{"0":1,"1":1,"2":1,"3":1,"4":1,"5":1,"6":1,"7":1,"8":8,"9":8,"10":8,"11":7,"12":7,"13":7,"14":0,"15":1,"16":2,"17":1,"18":6,"19":1,"20":1,"21":1,"22":1},"f":{"0":8,"1":2,"2":6,"3":1,"4":1,"5":1},"b":{"0":[1,0],"1":[1,0],"2":[1,0],"3":[1,0],"4":[1,0],"5":[1,0],"6":[0,1]},"_coverageSchema":"43e27e138ebf9cfc5966b082cf9a028302ed4184","hash":"480e34e87b718112350867ea3ae1afc8156a949a"}
,"/f/ic2/src-server/modules/ShortLink.js": {"path":"/f/ic2/src-server/modules/ShortLink.js","statementMap":{"0":{"start":{"line":1,"column":0},"end":{"line":1,"column":27}},"1":{"start":{"line":12,"column":33},"end":{"line":91,"column":1}},"2":{"start":{"line":13,"column":2},"end":{"line":90,"column":5}},"3":{"start":{"line":14,"column":4},"end":{"line":89,"column":5}},"4":{"start":{"line":16,"column":18},"end":{"line":16,"column":50}},"5":{"start":{"line":17,"column":21},"end":{"line":17,"column":32}},"6":{"start":{"line":18,"column":30},"end":{"line":18,"column":54}},"7":{"start":{"line":19,"column":29},"end":{"line":19,"column":52}},"8":{"start":{"line":22,"column":6},"end":{"line":30,"column":7}},"9":{"start":{"line":23,"column":8},"end":{"line":27,"column":11}},"10":{"start":{"line":28,"column":8},"end":{"line":28,"column":18}},"11":{"start":{"line":29,"column":8},"end":{"line":29,"column":18}},"12":{"start":{"line":33,"column":23},"end":{"line":33,"column":52}},"13":{"start":{"line":34,"column":30},"end":{"line":34,"column":60}},"14":{"start":{"line":37,"column":6},"end":{"line":47,"column":7}},"15":{"start":{"line":38,"column":8},"end":{"line":38,"column":25}},"16":{"start":{"line":39,"column":8},"end":{"line":44,"column":11}},"17":{"start":{"line":45,"column":8},"end":{"line":45,"column":18}},"18":{"start":{"line":46,"column":8},"end":{"line":46,"column":18}},"19":{"start":{"line":50,"column":8},"end":{"line":52,"column":16}},"20":{"start":{"line":54,"column":31},"end":{"line":54,"column":55}},"21":{"start":{"line":56,"column":8},"end":{"line":58,"column":28}},"22":{"start":{"line":60,"column":30},"end":{"line":67,"column":7}},"23":{"start":{"line":70,"column":6},"end":{"line":70,"column":40}},"24":{"start":{"line":72,"column":6},"end":{"line":72,"column":23}},"25":{"start":{"line":74,"column":6},"end":{"line":77,"column":20}},"26":{"start":{"line":76,"column":8},"end":{"line":76,"column":40}},"27":{"start":{"line":79,"column":6},"end":{"line":84,"column":9}},"28":{"start":{"line":85,"column":6},"end":{"line":85,"column":16}},"29":{"start":{"line":86,"column":6},"end":{"line":86,"column":16}},"30":{"start":{"line":88,"column":6},"end":{"line":88,"column":24}},"31":{"start":{"line":97,"column":39},"end":{"line":118,"column":1}},"32":{"start":{"line":98,"column":2},"end":{"line":117,"column":5}},"33":{"start":{"line":99,"column":4},"end":{"line":116,"column":5}},"34":{"start":{"line":100,"column":21},"end":{"line":100,"column":32}},"35":{"start":{"line":102,"column":6},"end":{"line":102,"column":36}},"36":{"start":{"line":104,"column":25},"end":{"line":104,"column":47}},"37":{"start":{"line":106,"column":6},"end":{"line":111,"column":9}},"38":{"start":{"line":112,"column":6},"end":{"line":112,"column":16}},"39":{"start":{"line":113,"column":6},"end":{"line":113,"column":16}},"40":{"start":{"line":115,"column":6},"end":{"line":115,"column":24}},"41":{"start":{"line":124,"column":42},"end":{"line":145,"column":1}},"42":{"start":{"line":125,"column":2},"end":{"line":144,"column":5}},"43":{"start":{"line":126,"column":4},"end":{"line":143,"column":5}},"44":{"start":{"line":127,"column":24},"end":{"line":127,"column":48}},"45":{"start":{"line":129,"column":6},"end":{"line":129,"column":36}},"46":{"start":{"line":131,"column":20},"end":{"line":131,"column":48}},"47":{"start":{"line":133,"column":6},"end":{"line":138,"column":9}},"48":{"start":{"line":139,"column":6},"end":{"line":139,"column":16}},"49":{"start":{"line":140,"column":6},"end":{"line":140,"column":16}},"50":{"start":{"line":142,"column":6},"end":{"line":142,"column":24}}},"fnMap":{"0":{"name":"(anonymous_0)","decl":{"start":{"line":12,"column":33},"end":{"line":12,"column":34}},"loc":{"start":{"line":12,"column":59},"end":{"line":91,"column":1}},"line":12},"1":{"name":"(anonymous_1)","decl":{"start":{"line":13,"column":21},"end":{"line":13,"column":22}},"loc":{"start":{"line":13,"column":48},"end":{"line":90,"column":3}},"line":13},"2":{"name":"(anonymous_2)","decl":{"start":{"line":97,"column":39},"end":{"line":97,"column":40}},"loc":{"start":{"line":97,"column":65},"end":{"line":118,"column":1}},"line":97},"3":{"name":"(anonymous_3)","decl":{"start":{"line":98,"column":21},"end":{"line":98,"column":22}},"loc":{"start":{"line":98,"column":48},"end":{"line":117,"column":3}},"line":98},"4":{"name":"(anonymous_4)","decl":{"start":{"line":124,"column":42},"end":{"line":124,"column":43}},"loc":{"start":{"line":124,"column":62},"end":{"line":145,"column":1}},"line":124},"5":{"name":"(anonymous_5)","decl":{"start":{"line":125,"column":21},"end":{"line":125,"column":22}},"loc":{"start":{"line":125,"column":48},"end":{"line":144,"column":3}},"line":125}},"branchMap":{"0":{"loc":{"start":{"line":22,"column":6},"end":{"line":30,"column":7}},"type":"if","locations":[{"start":{"line":22,"column":6},"end":{"line":30,"column":7}},{"start":{"line":22,"column":6},"end":{"line":30,"column":7}}],"line":22},"1":{"loc":{"start":{"line":22,"column":10},"end":{"line":22,"column":27}},"type":"binary-expr","locations":[{"start":{"line":22,"column":10},"end":{"line":22,"column":14}},{"start":{"line":22,"column":18},"end":{"line":22,"column":27}}],"line":22},"2":{"loc":{"start":{"line":37,"column":6},"end":{"line":47,"column":7}},"type":"if","locations":[{"start":{"line":37,"column":6},"end":{"line":47,"column":7}},{"start":{"line":37,"column":6},"end":{"line":47,"column":7}}],"line":37},"3":{"loc":{"start":{"line":50,"column":8},"end":{"line":52,"column":16}},"type":"cond-expr","locations":[{"start":{"line":51,"column":12},"end":{"line":51,"column":73}},{"start":{"line":52,"column":12},"end":{"line":52,"column":16}}],"line":50},"4":{"loc":{"start":{"line":50,"column":8},"end":{"line":50,"column":46}},"type":"binary-expr","locations":[{"start":{"line":50,"column":8},"end":{"line":50,"column":22}},{"start":{"line":50,"column":26},"end":{"line":50,"column":46}}],"line":50},"5":{"loc":{"start":{"line":56,"column":8},"end":{"line":58,"column":28}},"type":"cond-expr","locations":[{"start":{"line":57,"column":12},"end":{"line":57,"column":27}},{"start":{"line":58,"column":12},"end":{"line":58,"column":28}}],"line":56},"6":{"loc":{"start":{"line":56,"column":8},"end":{"line":56,"column":48}},"type":"binary-expr","locations":[{"start":{"line":56,"column":8},"end":{"line":56,"column":23}},{"start":{"line":56,"column":27},"end":{"line":56,"column":48}}],"line":56},"7":{"loc":{"start":{"line":136,"column":15},"end":{"line":136,"column":35}},"type":"cond-expr","locations":[{"start":{"line":136,"column":23},"end":{"line":136,"column":27}},{"start":{"line":136,"column":30},"end":{"line":136,"column":35}}],"line":136}},"s":{"0":1,"1":1,"2":1,"3":1,"4":1,"5":1,"6":1,"7":1,"8":1,"9":0,"10":0,"11":0,"12":1,"13":1,"14":1,"15":0,"16":0,"17":0,"18":0,"19":1,"20":1,"21":1,"22":1,"23":1,"24":1,"25":1,"26":1,"27":1,"28":1,"29":1,"30":0,"31":1,"32":1,"33":1,"34":1,"35":1,"36":1,"37":1,"38":1,"39":1,"40":0,"41":1,"42":1,"43":1,"44":1,"45":1,"46":1,"47":1,"48":1,"49":1,"50":0},"f":{"0":1,"1":1,"2":1,"3":1,"4":1,"5":1},"b":{"0":[0,1],"1":[1,1],"2":[0,1],"3":[1,0],"4":[1,1],"5":[1,0],"6":[1,1],"7":[0,1]},"_coverageSchema":"43e27e138ebf9cfc5966b082cf9a028302ed4184","hash":"4953ba352bbeb955578964e40a0efd04abc66b2b"}
,"/f/ic2/src-server/modules/ShortLinkAnalytics.js": {"path":"/f/ic2/src-server/modules/ShortLinkAnalytics.js","statementMap":{"0":{"start":{"line":1,"column":0},"end":{"line":1,"column":27}},"1":{"start":{"line":10,"column":28},"end":{"line":46,"column":1}},"2":{"start":{"line":11,"column":2},"end":{"line":45,"column":5}},"3":{"start":{"line":12,"column":4},"end":{"line":44,"column":5}},"4":{"start":{"line":14,"column":17},"end":{"line":14,"column":78}},"5":{"start":{"line":16,"column":24},"end":{"line":16,"column":73}},"6":{"start":{"line":17,"column":24},"end":{"line":17,"column":44}},"7":{"start":{"line":19,"column":21},"end":{"line":19,"column":50}},"8":{"start":{"line":21,"column":30},"end":{"line":23,"column":8}},"9":{"start":{"line":25,"column":6},"end":{"line":25,"column":23}},"10":{"start":{"line":27,"column":6},"end":{"line":27,"column":46}},"11":{"start":{"line":29,"column":18},"end":{"line":36,"column":7}},"12":{"start":{"line":38,"column":6},"end":{"line":38,"column":28}},"13":{"start":{"line":40,"column":6},"end":{"line":40,"column":23}},"14":{"start":{"line":41,"column":6},"end":{"line":41,"column":19}},"15":{"start":{"line":43,"column":6},"end":{"line":43,"column":24}},"16":{"start":{"line":48,"column":44},"end":{"line":77,"column":1}},"17":{"start":{"line":49,"column":2},"end":{"line":76,"column":5}},"18":{"start":{"line":50,"column":4},"end":{"line":75,"column":5}},"19":{"start":{"line":51,"column":21},"end":{"line":51,"column":32}},"20":{"start":{"line":52,"column":17},"end":{"line":52,"column":19}},"21":{"start":{"line":54,"column":21},"end":{"line":54,"column":49}},"22":{"start":{"line":56,"column":24},"end":{"line":56,"column":55}},"23":{"start":{"line":57,"column":6},"end":{"line":57,"column":23}},"24":{"start":{"line":58,"column":6},"end":{"line":64,"column":9}},"25":{"start":{"line":59,"column":8},"end":{"line":63,"column":11}},"26":{"start":{"line":65,"column":6},"end":{"line":70,"column":9}},"27":{"start":{"line":71,"column":6},"end":{"line":71,"column":16}},"28":{"start":{"line":72,"column":6},"end":{"line":72,"column":16}},"29":{"start":{"line":74,"column":6},"end":{"line":74,"column":24}}},"fnMap":{"0":{"name":"(anonymous_0)","decl":{"start":{"line":10,"column":28},"end":{"line":10,"column":29}},"loc":{"start":{"line":10,"column":41},"end":{"line":46,"column":1}},"line":10},"1":{"name":"(anonymous_1)","decl":{"start":{"line":11,"column":21},"end":{"line":11,"column":22}},"loc":{"start":{"line":11,"column":48},"end":{"line":45,"column":3}},"line":11},"2":{"name":"(anonymous_2)","decl":{"start":{"line":48,"column":44},"end":{"line":48,"column":45}},"loc":{"start":{"line":48,"column":70},"end":{"line":77,"column":1}},"line":48},"3":{"name":"(anonymous_3)","decl":{"start":{"line":49,"column":21},"end":{"line":49,"column":22}},"loc":{"start":{"line":49,"column":48},"end":{"line":76,"column":3}},"line":49},"4":{"name":"(anonymous_4)","decl":{"start":{"line":58,"column":24},"end":{"line":58,"column":25}},"loc":{"start":{"line":58,"column":35},"end":{"line":64,"column":7}},"line":58}},"branchMap":{"0":{"loc":{"start":{"line":14,"column":17},"end":{"line":14,"column":78}},"type":"binary-expr","locations":[{"start":{"line":14,"column":17},"end":{"line":14,"column":46}},{"start":{"line":14,"column":50},"end":{"line":14,"column":78}}],"line":14}},"s":{"0":1,"1":1,"2":1,"3":1,"4":1,"5":1,"6":1,"7":1,"8":0,"9":0,"10":0,"11":0,"12":0,"13":0,"14":0,"15":0,"16":1,"17":0,"18":0,"19":0,"20":0,"21":0,"22":0,"23":0,"24":0,"25":0,"26":0,"27":0,"28":0,"29":0},"f":{"0":1,"1":1,"2":0,"3":0,"4":0},"b":{"0":[1,1]},"_coverageSchema":"43e27e138ebf9cfc5966b082cf9a028302ed4184","hash":"10ac45b015c740a402a5265e0730dbd0efdf8191"}
,"/f/ic2/src-server/router/api.js": {"path":"/f/ic2/src-server/router/api.js","statementMap":{"0":{"start":{"line":10,"column":18},"end":{"line":10,"column":34}},"1":{"start":{"line":11,"column":11},"end":{"line":11,"column":15}},"2":{"start":{"line":14,"column":0},"end":{"line":32,"column":3}},"3":{"start":{"line":15,"column":2},"end":{"line":31,"column":3}},"4":{"start":{"line":16,"column":4},"end":{"line":28,"column":9}},"5":{"start":{"line":18,"column":8},"end":{"line":20,"column":9}},"6":{"start":{"line":19,"column":10},"end":{"line":19,"column":75}},"7":{"start":{"line":22,"column":8},"end":{"line":22,"column":22}},"8":{"start":{"line":23,"column":8},"end":{"line":23,"column":15}},"9":{"start":{"line":26,"column":8},"end":{"line":26,"column":36}},"10":{"start":{"line":27,"column":8},"end":{"line":27,"column":18}},"11":{"start":{"line":30,"column":4},"end":{"line":30,"column":11}},"12":{"start":{"line":34,"column":0},"end":{"line":39,"column":3}},"13":{"start":{"line":35,"column":2},"end":{"line":38,"column":5}},"14":{"start":{"line":36,"column":4},"end":{"line":36,"column":46}},"15":{"start":{"line":37,"column":4},"end":{"line":37,"column":14}},"16":{"start":{"line":41,"column":0},"end":{"line":46,"column":3}},"17":{"start":{"line":42,"column":2},"end":{"line":45,"column":5}},"18":{"start":{"line":43,"column":4},"end":{"line":43,"column":46}},"19":{"start":{"line":44,"column":4},"end":{"line":44,"column":14}},"20":{"start":{"line":48,"column":0},"end":{"line":53,"column":3}},"21":{"start":{"line":49,"column":2},"end":{"line":52,"column":5}},"22":{"start":{"line":50,"column":4},"end":{"line":50,"column":46}},"23":{"start":{"line":51,"column":4},"end":{"line":51,"column":14}},"24":{"start":{"line":55,"column":0},"end":{"line":60,"column":3}},"25":{"start":{"line":56,"column":2},"end":{"line":59,"column":5}},"26":{"start":{"line":57,"column":4},"end":{"line":57,"column":46}},"27":{"start":{"line":58,"column":4},"end":{"line":58,"column":14}},"28":{"start":{"line":62,"column":0},"end":{"line":62,"column":27}}},"fnMap":{"0":{"name":"(anonymous_0)","decl":{"start":{"line":14,"column":14},"end":{"line":14,"column":15}},"loc":{"start":{"line":14,"column":34},"end":{"line":32,"column":1}},"line":14},"1":{"name":"(anonymous_1)","decl":{"start":{"line":17,"column":12},"end":{"line":17,"column":13}},"loc":{"start":{"line":17,"column":22},"end":{"line":24,"column":7}},"line":17},"2":{"name":"(anonymous_2)","decl":{"start":{"line":25,"column":13},"end":{"line":25,"column":14}},"loc":{"start":{"line":25,"column":22},"end":{"line":28,"column":7}},"line":25},"3":{"name":"(anonymous_3)","decl":{"start":{"line":34,"column":36},"end":{"line":34,"column":37}},"loc":{"start":{"line":34,"column":50},"end":{"line":39,"column":1}},"line":34},"4":{"name":"(anonymous_4)","decl":{"start":{"line":35,"column":42},"end":{"line":35,"column":43}},"loc":{"start":{"line":35,"column":51},"end":{"line":38,"column":3}},"line":35},"5":{"name":"(anonymous_5)","decl":{"start":{"line":41,"column":35},"end":{"line":41,"column":36}},"loc":{"start":{"line":41,"column":49},"end":{"line":46,"column":1}},"line":41},"6":{"name":"(anonymous_6)","decl":{"start":{"line":42,"column":48},"end":{"line":42,"column":49}},"loc":{"start":{"line":42,"column":57},"end":{"line":45,"column":3}},"line":42},"7":{"name":"(anonymous_7)","decl":{"start":{"line":48,"column":48},"end":{"line":48,"column":49}},"loc":{"start":{"line":48,"column":62},"end":{"line":53,"column":1}},"line":48},"8":{"name":"(anonymous_8)","decl":{"start":{"line":49,"column":45},"end":{"line":49,"column":46}},"loc":{"start":{"line":49,"column":54},"end":{"line":52,"column":3}},"line":49},"9":{"name":"(anonymous_9)","decl":{"start":{"line":55,"column":39},"end":{"line":55,"column":40}},"loc":{"start":{"line":55,"column":53},"end":{"line":60,"column":1}},"line":55},"10":{"name":"(anonymous_10)","decl":{"start":{"line":56,"column":53},"end":{"line":56,"column":54}},"loc":{"start":{"line":56,"column":62},"end":{"line":59,"column":3}},"line":56}},"branchMap":{"0":{"loc":{"start":{"line":15,"column":2},"end":{"line":31,"column":3}},"type":"if","locations":[{"start":{"line":15,"column":2},"end":{"line":31,"column":3}},{"start":{"line":15,"column":2},"end":{"line":31,"column":3}}],"line":15},"1":{"loc":{"start":{"line":18,"column":8},"end":{"line":20,"column":9}},"type":"if","locations":[{"start":{"line":18,"column":8},"end":{"line":20,"column":9}},{"start":{"line":18,"column":8},"end":{"line":20,"column":9}}],"line":18},"2":{"loc":{"start":{"line":36,"column":15},"end":{"line":36,"column":32}},"type":"binary-expr","locations":[{"start":{"line":36,"column":15},"end":{"line":36,"column":25}},{"start":{"line":36,"column":29},"end":{"line":36,"column":32}}],"line":36},"3":{"loc":{"start":{"line":43,"column":15},"end":{"line":43,"column":32}},"type":"binary-expr","locations":[{"start":{"line":43,"column":15},"end":{"line":43,"column":25}},{"start":{"line":43,"column":29},"end":{"line":43,"column":32}}],"line":43},"4":{"loc":{"start":{"line":50,"column":15},"end":{"line":50,"column":32}},"type":"binary-expr","locations":[{"start":{"line":50,"column":15},"end":{"line":50,"column":25}},{"start":{"line":50,"column":29},"end":{"line":50,"column":32}}],"line":50},"5":{"loc":{"start":{"line":57,"column":15},"end":{"line":57,"column":32}},"type":"binary-expr","locations":[{"start":{"line":57,"column":15},"end":{"line":57,"column":25}},{"start":{"line":57,"column":29},"end":{"line":57,"column":32}}],"line":57}},"s":{"0":1,"1":1,"2":1,"3":6,"4":3,"5":3,"6":0,"7":3,"8":3,"9":0,"10":0,"11":3,"12":1,"13":1,"14":0,"15":0,"16":1,"17":1,"18":0,"19":0,"20":1,"21":1,"22":0,"23":0,"24":1,"25":0,"26":0,"27":0,"28":1},"f":{"0":6,"1":3,"2":0,"3":1,"4":0,"5":1,"6":0,"7":1,"8":0,"9":0,"10":0},"b":{"0":[3,3],"1":[0,3],"2":[0,0],"3":[0,0],"4":[0,0],"5":[0,0]},"_coverageSchema":"43e27e138ebf9cfc5966b082cf9a028302ed4184","hash":"50d740d36a3f6970fb34c6b81638048cb13ea266"}
,"/f/ic2/src-server/router/auth.js": {"path":"/f/ic2/src-server/router/auth.js","statementMap":{"0":{"start":{"line":4,"column":19},"end":{"line":4,"column":35}},"1":{"start":{"line":7,"column":0},"end":{"line":12,"column":3}},"2":{"start":{"line":8,"column":2},"end":{"line":11,"column":5}},"3":{"start":{"line":9,"column":4},"end":{"line":9,"column":46}},"4":{"start":{"line":10,"column":4},"end":{"line":10,"column":14}},"5":{"start":{"line":14,"column":0},"end":{"line":19,"column":3}},"6":{"start":{"line":15,"column":2},"end":{"line":18,"column":5}},"7":{"start":{"line":16,"column":4},"end":{"line":16,"column":46}},"8":{"start":{"line":17,"column":4},"end":{"line":17,"column":14}},"9":{"start":{"line":21,"column":0},"end":{"line":21,"column":28}}},"fnMap":{"0":{"name":"(anonymous_0)","decl":{"start":{"line":7,"column":21},"end":{"line":7,"column":22}},"loc":{"start":{"line":7,"column":35},"end":{"line":12,"column":1}},"line":7},"1":{"name":"(anonymous_1)","decl":{"start":{"line":8,"column":35},"end":{"line":8,"column":36}},"loc":{"start":{"line":8,"column":44},"end":{"line":11,"column":3}},"line":8},"2":{"name":"(anonymous_2)","decl":{"start":{"line":14,"column":27},"end":{"line":14,"column":28}},"loc":{"start":{"line":14,"column":41},"end":{"line":19,"column":1}},"line":14},"3":{"name":"(anonymous_3)","decl":{"start":{"line":15,"column":31},"end":{"line":15,"column":32}},"loc":{"start":{"line":15,"column":40},"end":{"line":18,"column":3}},"line":15}},"branchMap":{"0":{"loc":{"start":{"line":9,"column":15},"end":{"line":9,"column":32}},"type":"binary-expr","locations":[{"start":{"line":9,"column":15},"end":{"line":9,"column":25}},{"start":{"line":9,"column":29},"end":{"line":9,"column":32}}],"line":9},"1":{"loc":{"start":{"line":16,"column":15},"end":{"line":16,"column":32}},"type":"binary-expr","locations":[{"start":{"line":16,"column":15},"end":{"line":16,"column":25}},{"start":{"line":16,"column":29},"end":{"line":16,"column":32}}],"line":16}},"s":{"0":1,"1":1,"2":2,"3":0,"4":0,"5":1,"6":1,"7":0,"8":0,"9":1},"f":{"0":2,"1":0,"2":1,"3":0},"b":{"0":[0,0],"1":[0,0]},"_coverageSchema":"43e27e138ebf9cfc5966b082cf9a028302ed4184","hash":"ce152f7ed39c6c0bf5c18257883e6a53f3da8f76"}
,"/f/ic2/src-server/router/shortlink.js": {"path":"/f/ic2/src-server/router/shortlink.js","statementMap":{"0":{"start":{"line":5,"column":24},"end":{"line":5,"column":40}},"1":{"start":{"line":7,"column":0},"end":{"line":10,"column":3}},"2":{"start":{"line":8,"column":2},"end":{"line":8,"column":40}},"3":{"start":{"line":9,"column":2},"end":{"line":9,"column":26}},"4":{"start":{"line":12,"column":0},"end":{"line":12,"column":33}}},"fnMap":{"0":{"name":"(anonymous_0)","decl":{"start":{"line":7,"column":35},"end":{"line":7,"column":36}},"loc":{"start":{"line":7,"column":60},"end":{"line":10,"column":1}},"line":7}},"branchMap":{},"s":{"0":1,"1":1,"2":1,"3":1,"4":1},"f":{"0":1},"b":{},"_coverageSchema":"43e27e138ebf9cfc5966b082cf9a028302ed4184","hash":"22e4bff25dd84ed9335b00d0de49cf965790c0a8"}
,"/f/ic2/src/components/AlertDialog.vue": {"path":"/f/ic2/src/components/AlertDialog.vue","statementMap":{"0":{"start":{"line":37,"column":0},"end":{"line":37,"column":null}},"1":{"start":{"line":40,"column":0},"end":{"line":40,"column":null}}},"fnMap":{"0":{"name":"get","decl":{"start":{"line":36,"column":0},"end":{"line":36,"column":null}},"loc":{"start":{"line":36,"column":0},"end":{"line":38,"column":null}}},"1":{"name":"set","decl":{"start":{"line":39,"column":0},"end":{"line":39,"column":null}},"loc":{"start":{"line":39,"column":0},"end":{"line":41,"column":null}}}},"branchMap":{},"s":{"0":0,"1":0},"f":{"0":0,"1":0},"b":{}}
,"/f/ic2/src/components/charts/PieChart.vue": {"path":"/f/ic2/src/components/charts/PieChart.vue","statementMap":{"0":{"start":{"line":2,"column":0},"end":{"line":2,"column":null}},"1":{"start":{"line":8,"column":0},"end":{"line":8,"column":null}}},"fnMap":{"0":{"name":"mounted","decl":{"start":{"line":7,"column":0},"end":{"line":7,"column":null}},"loc":{"start":{"line":7,"column":0},"end":{"line":9,"column":null}}}},"branchMap":{},"s":{"0":0,"1":0},"f":{"0":0},"b":{}}
,"/f/ic2/src/layouts/MainLayout.vue": {"path":"/f/ic2/src/layouts/MainLayout.vue","statementMap":{"0":{"start":{"line":84,"column":0},"end":{"line":84,"column":null}},"1":{"start":{"line":85,"column":0},"end":{"line":85,"column":null}},"2":{"start":{"line":93,"column":0},"end":{"line":93,"column":null}},"3":{"start":{"line":103,"column":0},"end":{"line":103,"column":null}},"4":{"start":{"line":104,"column":0},"end":{"line":111,"column":null}},"5":{"start":{"line":105,"column":0},"end":{"line":105,"column":null}},"6":{"start":{"line":106,"column":0},"end":{"line":108,"column":null}},"7":{"start":{"line":107,"column":0},"end":{"line":107,"column":null}},"8":{"start":{"line":110,"column":0},"end":{"line":110,"column":null}},"9":{"start":{"line":114,"column":0},"end":{"line":114,"column":null}},"10":{"start":{"line":115,"column":0},"end":{"line":115,"column":null}},"11":{"start":{"line":116,"column":0},"end":{"line":116,"column":null}},"12":{"start":{"line":119,"column":0},"end":{"line":119,"column":null}},"13":{"start":{"line":122,"column":0},"end":{"line":122,"column":null}},"14":{"start":{"line":123,"column":0},"end":{"line":123,"column":null}},"15":{"start":{"line":127,"column":0},"end":{"line":129,"column":null}},"16":{"start":{"line":128,"column":0},"end":{"line":128,"column":null}}},"fnMap":{"0":{"name":"data","decl":{"start":{"line":92,"column":0},"end":{"line":92,"column":null}},"loc":{"start":{"line":92,"column":0},"end":{"line":99,"column":null}}},"1":{"name":"checkUserSession","decl":{"start":{"line":102,"column":0},"end":{"line":102,"column":null}},"loc":{"start":{"line":102,"column":0},"end":{"line":112,"column":null}}},"2":{"name":"showAlertDialog","decl":{"start":{"line":113,"column":0},"end":{"line":113,"column":null}},"loc":{"start":{"line":113,"column":0},"end":{"line":117,"column":null}}},"3":{"name":"navigateRoute","decl":{"start":{"line":118,"column":0},"end":{"line":118,"column":null}},"loc":{"start":{"line":118,"column":0},"end":{"line":120,"column":null}}},"4":{"name":"logout","decl":{"start":{"line":121,"column":0},"end":{"line":121,"column":null}},"loc":{"start":{"line":121,"column":0},"end":{"line":124,"column":null}}},"5":{"name":"created","decl":{"start":{"line":126,"column":0},"end":{"line":126,"column":null}},"loc":{"start":{"line":126,"column":0},"end":{"line":130,"column":null}}}},"branchMap":{"0":{"loc":{"start":{"line":104,"column":0},"end":{"line":111,"column":null}},"type":"if","locations":[{"start":{"line":104,"column":0},"end":{"line":111,"column":null}},{"start":{"line":104,"column":0},"end":{"line":111,"column":null}}]},"1":{"loc":{"start":{"line":106,"column":0},"end":{"line":108,"column":null}},"type":"if","locations":[{"start":{"line":106,"column":0},"end":{"line":108,"column":null}},{"start":{"line":106,"column":0},"end":{"line":108,"column":null}}]},"2":{"loc":{"start":{"line":127,"column":0},"end":{"line":129,"column":null}},"type":"if","locations":[{"start":{"line":127,"column":0},"end":{"line":129,"column":null}},{"start":{"line":127,"column":0},"end":{"line":129,"column":null}}]}},"s":{"0":0,"1":0,"2":0,"3":0,"4":0,"5":0,"6":0,"7":0,"8":0,"9":0,"10":0,"11":0,"12":0,"13":0,"14":0,"15":0,"16":0},"f":{"0":0,"1":0,"2":0,"3":0,"4":0,"5":0},"b":{"0":[0,0],"1":[0,0],"2":[0,0]}}
,"/f/ic2/src/router/index.js": {"path":"/f/ic2/src/router/index.js","statementMap":{"0":{"start":{"line":4,"column":0},"end":{"line":4,"column":19}},"1":{"start":{"line":6,"column":15},"end":{"line":24,"column":1}},"2":{"start":{"line":9,"column":21},"end":{"line":9,"column":56}},"3":{"start":{"line":11,"column":49},"end":{"line":11,"column":76}},"4":{"start":{"line":15,"column":25},"end":{"line":15,"column":57}},"5":{"start":{"line":20,"column":25},"end":{"line":20,"column":52}},"6":{"start":{"line":26,"column":15},"end":{"line":29,"column":2}}},"fnMap":{"0":{"name":"(anonymous_0)","decl":{"start":{"line":9,"column":15},"end":{"line":9,"column":16}},"loc":{"start":{"line":9,"column":21},"end":{"line":9,"column":56}},"line":9},"1":{"name":"(anonymous_1)","decl":{"start":{"line":11,"column":43},"end":{"line":11,"column":44}},"loc":{"start":{"line":11,"column":49},"end":{"line":11,"column":76}},"line":11},"2":{"name":"(anonymous_2)","decl":{"start":{"line":15,"column":19},"end":{"line":15,"column":20}},"loc":{"start":{"line":15,"column":25},"end":{"line":15,"column":57}},"line":15},"3":{"name":"(anonymous_3)","decl":{"start":{"line":20,"column":19},"end":{"line":20,"column":20}},"loc":{"start":{"line":20,"column":25},"end":{"line":20,"column":52}},"line":20}},"branchMap":{},"s":{"0":0,"1":0,"2":0,"3":0,"4":0,"5":0,"6":0},"f":{"0":0,"1":0,"2":0,"3":0},"b":{},"hash":"e42b464ef1ee8600b4bae4e08bd3f358edc45bad"}
,"/f/ic2/src/store/index.js": {"path":"/f/ic2/src/store/index.js","statementMap":{"0":{"start":{"line":8,"column":11},"end":{"line":8,"column":49}},"1":{"start":{"line":9,"column":0},"end":{"line":9,"column":14}},"2":{"start":{"line":20,"column":24},"end":{"line":20,"column":35}},"3":{"start":{"line":21,"column":33},"end":{"line":21,"column":51}},"4":{"start":{"line":22,"column":27},"end":{"line":22,"column":41}},"5":{"start":{"line":28,"column":6},"end":{"line":28,"column":40}},"6":{"start":{"line":29,"column":6},"end":{"line":29,"column":38}},"7":{"start":{"line":32,"column":6},"end":{"line":32,"column":29}},"8":{"start":{"line":33,"column":6},"end":{"line":33,"column":28}},"9":{"start":{"line":39,"column":6},"end":{"line":48,"column":9}},"10":{"start":{"line":40,"column":8},"end":{"line":47,"column":13}},"11":{"start":{"line":42,"column":12},"end":{"line":42,"column":40}},"12":{"start":{"line":43,"column":12},"end":{"line":43,"column":22}},"13":{"start":{"line":46,"column":12},"end":{"line":46,"column":22}},"14":{"start":{"line":52,"column":6},"end":{"line":60,"column":9}},"15":{"start":{"line":53,"column":8},"end":{"line":59,"column":13}},"16":{"start":{"line":55,"column":12},"end":{"line":55,"column":25}},"17":{"start":{"line":58,"column":12},"end":{"line":58,"column":22}},"18":{"start":{"line":64,"column":6},"end":{"line":72,"column":9}},"19":{"start":{"line":65,"column":8},"end":{"line":71,"column":13}},"20":{"start":{"line":67,"column":12},"end":{"line":67,"column":25}},"21":{"start":{"line":70,"column":12},"end":{"line":70,"column":22}},"22":{"start":{"line":76,"column":6},"end":{"line":84,"column":9}},"23":{"start":{"line":77,"column":8},"end":{"line":83,"column":13}},"24":{"start":{"line":79,"column":12},"end":{"line":79,"column":25}},"25":{"start":{"line":82,"column":12},"end":{"line":82,"column":22}},"26":{"start":{"line":89,"column":6},"end":{"line":92,"column":8}}},"fnMap":{"0":{"name":"(anonymous_0)","decl":{"start":{"line":20,"column":17},"end":{"line":20,"column":18}},"loc":{"start":{"line":20,"column":24},"end":{"line":20,"column":35}},"line":20},"1":{"name":"(anonymous_1)","decl":{"start":{"line":21,"column":17},"end":{"line":21,"column":18}},"loc":{"start":{"line":21,"column":33},"end":{"line":21,"column":51}},"line":21},"2":{"name":"(anonymous_2)","decl":{"start":{"line":22,"column":20},"end":{"line":22,"column":21}},"loc":{"start":{"line":22,"column":27},"end":{"line":22,"column":41}},"line":22},"3":{"name":"(anonymous_3)","decl":{"start":{"line":27,"column":4},"end":{"line":27,"column":5}},"loc":{"start":{"line":27,"column":31},"end":{"line":30,"column":5}},"line":27},"4":{"name":"(anonymous_4)","decl":{"start":{"line":31,"column":4},"end":{"line":31,"column":5}},"loc":{"start":{"line":31,"column":22},"end":{"line":34,"column":5}},"line":31},"5":{"name":"(anonymous_5)","decl":{"start":{"line":38,"column":15},"end":{"line":38,"column":16}},"loc":{"start":{"line":38,"column":42},"end":{"line":49,"column":5}},"line":38},"6":{"name":"(anonymous_6)","decl":{"start":{"line":39,"column":25},"end":{"line":39,"column":26}},"loc":{"start":{"line":39,"column":46},"end":{"line":48,"column":7}},"line":39},"7":{"name":"(anonymous_7)","decl":{"start":{"line":41,"column":16},"end":{"line":41,"column":17}},"loc":{"start":{"line":41,"column":23},"end":{"line":44,"column":11}},"line":41},"8":{"name":"(anonymous_8)","decl":{"start":{"line":45,"column":17},"end":{"line":45,"column":18}},"loc":{"start":{"line":45,"column":22},"end":{"line":47,"column":11}},"line":45},"9":{"name":"(anonymous_9)","decl":{"start":{"line":51,"column":18},"end":{"line":51,"column":19}},"loc":{"start":{"line":51,"column":42},"end":{"line":61,"column":5}},"line":51},"10":{"name":"(anonymous_10)","decl":{"start":{"line":52,"column":25},"end":{"line":52,"column":26}},"loc":{"start":{"line":52,"column":46},"end":{"line":60,"column":7}},"line":52},"11":{"name":"(anonymous_11)","decl":{"start":{"line":54,"column":16},"end":{"line":54,"column":17}},"loc":{"start":{"line":54,"column":23},"end":{"line":56,"column":11}},"line":54},"12":{"name":"(anonymous_12)","decl":{"start":{"line":57,"column":17},"end":{"line":57,"column":18}},"loc":{"start":{"line":57,"column":22},"end":{"line":59,"column":11}},"line":57},"13":{"name":"(anonymous_13)","decl":{"start":{"line":63,"column":17},"end":{"line":63,"column":18}},"loc":{"start":{"line":63,"column":39},"end":{"line":73,"column":5}},"line":63},"14":{"name":"(anonymous_14)","decl":{"start":{"line":64,"column":25},"end":{"line":64,"column":26}},"loc":{"start":{"line":64,"column":46},"end":{"line":72,"column":7}},"line":64},"15":{"name":"(anonymous_15)","decl":{"start":{"line":66,"column":16},"end":{"line":66,"column":17}},"loc":{"start":{"line":66,"column":23},"end":{"line":68,"column":11}},"line":66},"16":{"name":"(anonymous_16)","decl":{"start":{"line":69,"column":17},"end":{"line":69,"column":18}},"loc":{"start":{"line":69,"column":22},"end":{"line":71,"column":11}},"line":69},"17":{"name":"(anonymous_17)","decl":{"start":{"line":75,"column":16},"end":{"line":75,"column":17}},"loc":{"start":{"line":75,"column":34},"end":{"line":85,"column":5}},"line":75},"18":{"name":"(anonymous_18)","decl":{"start":{"line":76,"column":25},"end":{"line":76,"column":26}},"loc":{"start":{"line":76,"column":46},"end":{"line":84,"column":7}},"line":76},"19":{"name":"(anonymous_19)","decl":{"start":{"line":78,"column":16},"end":{"line":78,"column":17}},"loc":{"start":{"line":78,"column":23},"end":{"line":80,"column":11}},"line":78},"20":{"name":"(anonymous_20)","decl":{"start":{"line":81,"column":17},"end":{"line":81,"column":18}},"loc":{"start":{"line":81,"column":22},"end":{"line":83,"column":11}},"line":81},"21":{"name":"(anonymous_21)","decl":{"start":{"line":88,"column":18},"end":{"line":88,"column":19}},"loc":{"start":{"line":88,"column":27},"end":{"line":93,"column":5}},"line":88}},"branchMap":{},"s":{"0":0,"1":0,"2":0,"3":0,"4":0,"5":0,"6":0,"7":0,"8":0,"9":0,"10":0,"11":0,"12":0,"13":0,"14":0,"15":0,"16":0,"17":0,"18":0,"19":0,"20":0,"21":0,"22":0,"23":0,"24":0,"25":0,"26":0},"f":{"0":0,"1":0,"2":0,"3":0,"4":0,"5":0,"6":0,"7":0,"8":0,"9":0,"10":0,"11":0,"12":0,"13":0,"14":0,"15":0,"16":0,"17":0,"18":0,"19":0,"20":0,"21":0},"b":{},"hash":"31230793af903a31d4e2bfac116a9f2412db482b"}
,"/f/ic2/src/store/actions/LoginAction.js": {"path":"/f/ic2/src/store/actions/LoginAction.js","statementMap":{"0":{"start":{"line":7,"column":39},"end":{"line":36,"column":1}},"1":{"start":{"line":8,"column":2},"end":{"line":35,"column":5}},"2":{"start":{"line":10,"column":4},"end":{"line":34,"column":9}},"3":{"start":{"line":16,"column":22},"end":{"line":16,"column":41}},"4":{"start":{"line":18,"column":25},"end":{"line":20,"column":21}},"5":{"start":{"line":22,"column":8},"end":{"line":30,"column":9}},"6":{"start":{"line":24,"column":10},"end":{"line":27,"column":13}},"7":{"start":{"line":29,"column":10},"end":{"line":29,"column":40}},"8":{"start":{"line":33,"column":8},"end":{"line":33,"column":25}},"9":{"start":{"line":42,"column":28},"end":{"line":61,"column":1}},"10":{"start":{"line":43,"column":2},"end":{"line":60,"column":5}},"11":{"start":{"line":45,"column":4},"end":{"line":59,"column":9}},"12":{"start":{"line":51,"column":8},"end":{"line":55,"column":9}},"13":{"start":{"line":52,"column":10},"end":{"line":52,"column":40}},"14":{"start":{"line":54,"column":10},"end":{"line":54,"column":41}},"15":{"start":{"line":58,"column":8},"end":{"line":58,"column":25}}},"fnMap":{"0":{"name":"(anonymous_0)","decl":{"start":{"line":7,"column":39},"end":{"line":7,"column":40}},"loc":{"start":{"line":7,"column":58},"end":{"line":36,"column":1}},"line":7},"1":{"name":"(anonymous_1)","decl":{"start":{"line":8,"column":21},"end":{"line":8,"column":22}},"loc":{"start":{"line":8,"column":42},"end":{"line":35,"column":3}},"line":8},"2":{"name":"(anonymous_2)","decl":{"start":{"line":15,"column":12},"end":{"line":15,"column":13}},"loc":{"start":{"line":15,"column":24},"end":{"line":31,"column":7}},"line":15},"3":{"name":"(anonymous_3)","decl":{"start":{"line":32,"column":13},"end":{"line":32,"column":14}},"loc":{"start":{"line":32,"column":25},"end":{"line":34,"column":7}},"line":32},"4":{"name":"(anonymous_4)","decl":{"start":{"line":42,"column":28},"end":{"line":42,"column":29}},"loc":{"start":{"line":42,"column":47},"end":{"line":61,"column":1}},"line":42},"5":{"name":"(anonymous_5)","decl":{"start":{"line":43,"column":21},"end":{"line":43,"column":22}},"loc":{"start":{"line":43,"column":42},"end":{"line":60,"column":3}},"line":43},"6":{"name":"(anonymous_6)","decl":{"start":{"line":50,"column":12},"end":{"line":50,"column":13}},"loc":{"start":{"line":50,"column":24},"end":{"line":56,"column":7}},"line":50},"7":{"name":"(anonymous_7)","decl":{"start":{"line":57,"column":13},"end":{"line":57,"column":14}},"loc":{"start":{"line":57,"column":25},"end":{"line":59,"column":7}},"line":57}},"branchMap":{"0":{"loc":{"start":{"line":22,"column":8},"end":{"line":30,"column":9}},"type":"if","locations":[{"start":{"line":22,"column":8},"end":{"line":30,"column":9}},{"start":{"line":22,"column":8},"end":{"line":30,"column":9}}],"line":22},"1":{"loc":{"start":{"line":22,"column":12},"end":{"line":22,"column":32}},"type":"binary-expr","locations":[{"start":{"line":22,"column":12},"end":{"line":22,"column":17}},{"start":{"line":22,"column":21},"end":{"line":22,"column":32}}],"line":22},"2":{"loc":{"start":{"line":51,"column":8},"end":{"line":55,"column":9}},"type":"if","locations":[{"start":{"line":51,"column":8},"end":{"line":55,"column":9}},{"start":{"line":51,"column":8},"end":{"line":55,"column":9}}],"line":51}},"s":{"0":0,"1":0,"2":0,"3":0,"4":0,"5":0,"6":0,"7":0,"8":0,"9":0,"10":0,"11":0,"12":0,"13":0,"14":0,"15":0},"f":{"0":0,"1":0,"2":0,"3":0,"4":0,"5":0,"6":0,"7":0},"b":{"0":[0,0],"1":[0,0],"2":[0,0]},"hash":"73f24e519958a14e311d7c64345041fb60d75cc5"}
,"/f/ic2/src/store/actions/apiRequest.js": {"path":"/f/ic2/src/store/actions/apiRequest.js","statementMap":{"0":{"start":{"line":7,"column":27},"end":{"line":26,"column":1}},"1":{"start":{"line":8,"column":2},"end":{"line":25,"column":5}},"2":{"start":{"line":9,"column":4},"end":{"line":24,"column":9}},"3":{"start":{"line":16,"column":8},"end":{"line":20,"column":9}},"4":{"start":{"line":17,"column":10},"end":{"line":17,"column":40}},"5":{"start":{"line":19,"column":10},"end":{"line":19,"column":28}},"6":{"start":{"line":23,"column":8},"end":{"line":23,"column":25}},"7":{"start":{"line":32,"column":26},"end":{"line":47,"column":1}},"8":{"start":{"line":33,"column":2},"end":{"line":46,"column":5}},"9":{"start":{"line":34,"column":4},"end":{"line":45,"column":9}},"10":{"start":{"line":41,"column":8},"end":{"line":41,"column":26}},"11":{"start":{"line":44,"column":8},"end":{"line":44,"column":25}}},"fnMap":{"0":{"name":"(anonymous_0)","decl":{"start":{"line":7,"column":27},"end":{"line":7,"column":28}},"loc":{"start":{"line":7,"column":53},"end":{"line":26,"column":1}},"line":7},"1":{"name":"(anonymous_1)","decl":{"start":{"line":8,"column":21},"end":{"line":8,"column":22}},"loc":{"start":{"line":8,"column":42},"end":{"line":25,"column":3}},"line":8},"2":{"name":"(anonymous_2)","decl":{"start":{"line":15,"column":12},"end":{"line":15,"column":13}},"loc":{"start":{"line":15,"column":24},"end":{"line":21,"column":7}},"line":15},"3":{"name":"(anonymous_3)","decl":{"start":{"line":22,"column":13},"end":{"line":22,"column":14}},"loc":{"start":{"line":22,"column":25},"end":{"line":24,"column":7}},"line":22},"4":{"name":"(anonymous_4)","decl":{"start":{"line":32,"column":26},"end":{"line":32,"column":27}},"loc":{"start":{"line":32,"column":48},"end":{"line":47,"column":1}},"line":32},"5":{"name":"(anonymous_5)","decl":{"start":{"line":33,"column":21},"end":{"line":33,"column":22}},"loc":{"start":{"line":33,"column":42},"end":{"line":46,"column":3}},"line":33},"6":{"name":"(anonymous_6)","decl":{"start":{"line":40,"column":12},"end":{"line":40,"column":13}},"loc":{"start":{"line":40,"column":24},"end":{"line":42,"column":7}},"line":40},"7":{"name":"(anonymous_7)","decl":{"start":{"line":43,"column":13},"end":{"line":43,"column":14}},"loc":{"start":{"line":43,"column":25},"end":{"line":45,"column":7}},"line":43}},"branchMap":{"0":{"loc":{"start":{"line":16,"column":8},"end":{"line":20,"column":9}},"type":"if","locations":[{"start":{"line":16,"column":8},"end":{"line":20,"column":9}},{"start":{"line":16,"column":8},"end":{"line":20,"column":9}}],"line":16}},"s":{"0":0,"1":0,"2":0,"3":0,"4":0,"5":0,"6":0,"7":0,"8":0,"9":0,"10":0,"11":0},"f":{"0":0,"1":0,"2":0,"3":0,"4":0,"5":0,"6":0,"7":0},"b":{"0":[0,0]},"hash":"53a5b7ad87d13dfdbf34e496dc89abb80ef5f41b"}
,"/f/ic2/src/views/Analytics.vue": {"path":"/f/ic2/src/views/Analytics.vue","statementMap":{"0":{"start":{"line":32,"column":0},"end":{"line":32,"column":null}},"1":{"start":{"line":36,"column":0},"end":{"line":36,"column":null}},"2":{"start":{"line":42,"column":0},"end":{"line":42,"column":null}},"3":{"start":{"line":43,"column":0},"end":{"line":52,"column":null}},"4":{"start":{"line":48,"column":0},"end":{"line":51,"column":null}},"5":{"start":{"line":49,"column":0},"end":{"line":49,"column":null}},"6":{"start":{"line":50,"column":0},"end":{"line":50,"column":null}},"7":{"start":{"line":55,"column":0},"end":{"line":55,"column":null}},"8":{"start":{"line":56,"column":0},"end":{"line":56,"column":null}},"9":{"start":{"line":57,"column":0},"end":{"line":65,"column":null}},"10":{"start":{"line":58,"column":0},"end":{"line":58,"column":null}},"11":{"start":{"line":59,"column":0},"end":{"line":62,"column":null}},"12":{"start":{"line":60,"column":0},"end":{"line":60,"column":null}},"13":{"start":{"line":61,"column":0},"end":{"line":61,"column":null}},"14":{"start":{"line":63,"column":0},"end":{"line":63,"column":null}},"15":{"start":{"line":64,"column":0},"end":{"line":64,"column":null}},"16":{"start":{"line":66,"column":0},"end":{"line":66,"column":null}},"17":{"start":{"line":67,"column":0},"end":{"line":67,"column":null}},"18":{"start":{"line":81,"column":0},"end":{"line":81,"column":null}}},"fnMap":{"0":{"name":"data","decl":{"start":{"line":35,"column":0},"end":{"line":35,"column":null}},"loc":{"start":{"line":35,"column":0},"end":{"line":40,"column":null}}},"1":{"name":"getBrowserAnalytics","decl":{"start":{"line":42,"column":0},"end":{"line":42,"column":null}},"loc":{"start":{"line":42,"column":0},"end":{"line":53,"column":null}}},"2":{"name":"(anonymous_3)","decl":{"start":{"line":44,"column":0},"end":{"line":44,"column":null}},"loc":{"start":{"line":44,"column":0},"end":{"line":52,"column":null}}},"3":{"name":"renderBrowserPieChart","decl":{"start":{"line":54,"column":0},"end":{"line":54,"column":null}},"loc":{"start":{"line":54,"column":0},"end":{"line":78,"column":null}}},"4":{"name":"(anonymous_5)","decl":{"start":{"line":57,"column":0},"end":{"line":57,"column":null}},"loc":{"start":{"line":57,"column":0},"end":{"line":65,"column":null}}},"5":{"name":"created","decl":{"start":{"line":80,"column":0},"end":{"line":80,"column":null}},"loc":{"start":{"line":80,"column":0},"end":{"line":82,"column":null}}}},"branchMap":{"0":{"loc":{"start":{"line":48,"column":0},"end":{"line":51,"column":null}},"type":"if","locations":[{"start":{"line":48,"column":0},"end":{"line":51,"column":null}},{"start":{"line":48,"column":0},"end":{"line":51,"column":null}}]},"1":{"loc":{"start":{"line":59,"column":0},"end":{"line":62,"column":null}},"type":"if","locations":[{"start":{"line":59,"column":0},"end":{"line":62,"column":null}},{"start":{"line":59,"column":0},"end":{"line":62,"column":null}}]},"2":{"loc":{"start":{"line":64,"column":0},"end":{"line":64,"column":null}},"type":"cond-expr","locations":[{"start":{"line":64,"column":0},"end":{"line":64,"column":null}},{"start":{"line":64,"column":0},"end":{"line":64,"column":null}}]}},"s":{"0":0,"1":0,"2":0,"3":0,"4":0,"5":0,"6":0,"7":0,"8":0,"9":0,"10":0,"11":0,"12":0,"13":0,"14":0,"15":0,"16":0,"17":0,"18":0},"f":{"0":0,"1":0,"2":0,"3":0,"4":0,"5":0},"b":{"0":[0,0],"1":[0,0],"2":[0,0]}}
,"/f/ic2/src/views/Auth.vue": {"path":"/f/ic2/src/views/Auth.vue","statementMap":{"0":{"start":{"line":200,"column":0},"end":{"line":200,"column":null}},"1":{"start":{"line":213,"column":0},"end":{"line":213,"column":null}},"2":{"start":{"line":225,"column":0},"end":{"line":225,"column":null}},"3":{"start":{"line":226,"column":0},"end":{"line":226,"column":null}},"4":{"start":{"line":228,"column":0},"end":{"line":228,"column":null}},"5":{"start":{"line":229,"column":0},"end":{"line":229,"column":null}},"6":{"start":{"line":231,"column":0},"end":{"line":249,"column":null}},"7":{"start":{"line":237,"column":0},"end":{"line":237,"column":null}},"8":{"start":{"line":238,"column":0},"end":{"line":244,"column":null}},"9":{"start":{"line":239,"column":0},"end":{"line":239,"column":null}},"10":{"start":{"line":240,"column":0},"end":{"line":240,"column":null}},"11":{"start":{"line":242,"column":0},"end":{"line":242,"column":null}},"12":{"start":{"line":243,"column":0},"end":{"line":243,"column":null}},"13":{"start":{"line":247,"column":0},"end":{"line":247,"column":null}},"14":{"start":{"line":248,"column":0},"end":{"line":248,"column":null}},"15":{"start":{"line":251,"column":0},"end":{"line":251,"column":null}},"16":{"start":{"line":252,"column":0},"end":{"line":252,"column":null}},"17":{"start":{"line":254,"column":0},"end":{"line":266,"column":null}},"18":{"start":{"line":260,"column":0},"end":{"line":260,"column":null}},"19":{"start":{"line":261,"column":0},"end":{"line":261,"column":null}},"20":{"start":{"line":264,"column":0},"end":{"line":264,"column":null}},"21":{"start":{"line":265,"column":0},"end":{"line":265,"column":null}},"22":{"start":{"line":269,"column":0},"end":{"line":269,"column":null}},"23":{"start":{"line":271,"column":0},"end":{"line":276,"column":null}},"24":{"start":{"line":272,"column":0},"end":{"line":274,"column":null}},"25":{"start":{"line":273,"column":0},"end":{"line":273,"column":null}},"26":{"start":{"line":275,"column":0},"end":{"line":275,"column":null}}},"fnMap":{"0":{"name":"data","decl":{"start":{"line":212,"column":0},"end":{"line":212,"column":null}},"loc":{"start":{"line":212,"column":0},"end":{"line":222,"column":null}}},"1":{"name":"showAlertDialog","decl":{"start":{"line":225,"column":0},"end":{"line":225,"column":null}},"loc":{"start":{"line":225,"column":0},"end":{"line":227,"column":null}}},"2":{"name":"loginRequest","decl":{"start":{"line":228,"column":0},"end":{"line":228,"column":null}},"loc":{"start":{"line":228,"column":0},"end":{"line":250,"column":null}}},"3":{"name":"(anonymous_4)","decl":{"start":{"line":232,"column":0},"end":{"line":232,"column":null}},"loc":{"start":{"line":232,"column":0},"end":{"line":245,"column":null}}},"4":{"name":"(anonymous_5)","decl":{"start":{"line":245,"column":0},"end":{"line":245,"column":null}},"loc":{"start":{"line":245,"column":0},"end":{"line":249,"column":null}}},"5":{"name":"signupRequest","decl":{"start":{"line":251,"column":0},"end":{"line":251,"column":null}},"loc":{"start":{"line":251,"column":0},"end":{"line":267,"column":null}}},"6":{"name":"(anonymous_7)","decl":{"start":{"line":255,"column":0},"end":{"line":255,"column":null}},"loc":{"start":{"line":255,"column":0},"end":{"line":262,"column":null}}},"7":{"name":"(anonymous_8)","decl":{"start":{"line":262,"column":0},"end":{"line":262,"column":null}},"loc":{"start":{"line":262,"column":0},"end":{"line":266,"column":null}}},"8":{"name":"created","decl":{"start":{"line":269,"column":0},"end":{"line":269,"column":null}},"loc":{"start":{"line":269,"column":0},"end":{"line":277,"column":null}}},"9":{"name":"(anonymous_10)","decl":{"start":{"line":271,"column":0},"end":{"line":271,"column":null}},"loc":{"start":{"line":271,"column":0},"end":{"line":276,"column":null}}}},"branchMap":{"0":{"loc":{"start":{"line":225,"column":0},"end":{"line":225,"column":null}},"type":"cond-expr","locations":[{"start":{"line":225,"column":0},"end":{"line":225,"column":null}},{"start":{"line":225,"column":0},"end":{"line":225,"column":null}}]},"1":{"loc":{"start":{"line":238,"column":0},"end":{"line":244,"column":null}},"type":"if","locations":[{"start":{"line":238,"column":0},"end":{"line":244,"column":null}},{"start":{"line":238,"column":0},"end":{"line":244,"column":null}}]},"2":{"loc":{"start":{"line":272,"column":0},"end":{"line":274,"column":null}},"type":"if","locations":[{"start":{"line":272,"column":0},"end":{"line":274,"column":null}},{"start":{"line":272,"column":0},"end":{"line":274,"column":null}}]}},"s":{"0":0,"1":0,"2":0,"3":0,"4":0,"5":0,"6":0,"7":0,"8":0,"9":0,"10":0,"11":0,"12":0,"13":0,"14":0,"15":0,"16":0,"17":0,"18":0,"19":0,"20":0,"21":0,"22":0,"23":0,"24":0,"25":0,"26":0},"f":{"0":0,"1":0,"2":0,"3":0,"4":0,"5":0,"6":0,"7":0,"8":0,"9":0},"b":{"0":[0,0],"1":[0,0],"2":[0,0]}}
,"/f/ic2/src/views/Home.vue": {"path":"/f/ic2/src/views/Home.vue","statementMap":{"0":{"start":{"line":231,"column":0},"end":{"line":231,"column":null}},"1":{"start":{"line":236,"column":0},"end":{"line":236,"column":null}},"2":{"start":{"line":237,"column":0},"end":{"line":237,"column":null}},"3":{"start":{"line":245,"column":0},"end":{"line":245,"column":null}},"4":{"start":{"line":246,"column":0},"end":{"line":246,"column":null}},"5":{"start":{"line":267,"column":0},"end":{"line":267,"column":null}},"6":{"start":{"line":268,"column":0},"end":{"line":268,"column":null}},"7":{"start":{"line":275,"column":0},"end":{"line":275,"column":null}},"8":{"start":{"line":276,"column":0},"end":{"line":276,"column":null}},"9":{"start":{"line":283,"column":0},"end":{"line":283,"column":null}},"10":{"start":{"line":287,"column":0},"end":{"line":287,"column":null}},"11":{"start":{"line":294,"column":0},"end":{"line":294,"column":null}},"12":{"start":{"line":295,"column":0},"end":{"line":295,"column":null}},"13":{"start":{"line":302,"column":0},"end":{"line":302,"column":null}},"14":{"start":{"line":303,"column":0},"end":{"line":303,"column":null}},"15":{"start":{"line":306,"column":0},"end":{"line":306,"column":null}},"16":{"start":{"line":308,"column":0},"end":{"line":330,"column":null}},"17":{"start":{"line":318,"column":0},"end":{"line":318,"column":null}},"18":{"start":{"line":319,"column":0},"end":{"line":319,"column":null}},"19":{"start":{"line":323,"column":0},"end":{"line":323,"column":null}},"20":{"start":{"line":324,"column":0},"end":{"line":324,"column":null}},"21":{"start":{"line":325,"column":0},"end":{"line":325,"column":null}},"22":{"start":{"line":328,"column":0},"end":{"line":328,"column":null}},"23":{"start":{"line":329,"column":0},"end":{"line":329,"column":null}},"24":{"start":{"line":332,"column":0},"end":{"line":332,"column":null}},"25":{"start":{"line":333,"column":0},"end":{"line":342,"column":null}},"26":{"start":{"line":338,"column":0},"end":{"line":338,"column":null}},"27":{"start":{"line":341,"column":0},"end":{"line":341,"column":null}},"28":{"start":{"line":344,"column":0},"end":{"line":344,"column":null}},"29":{"start":{"line":344,"column":0},"end":{"line":364,"column":null}},"30":{"start":{"line":346,"column":0},"end":{"line":346,"column":null}},"31":{"start":{"line":347,"column":0},"end":{"line":363,"column":null}},"32":{"start":{"line":355,"column":0},"end":{"line":355,"column":null}},"33":{"start":{"line":356,"column":0},"end":{"line":356,"column":null}},"34":{"start":{"line":357,"column":0},"end":{"line":357,"column":null}},"35":{"start":{"line":360,"column":0},"end":{"line":360,"column":null}},"36":{"start":{"line":361,"column":0},"end":{"line":361,"column":null}},"37":{"start":{"line":362,"column":0},"end":{"line":362,"column":null}},"38":{"start":{"line":367,"column":0},"end":{"line":367,"column":null}},"39":{"start":{"line":368,"column":0},"end":{"line":368,"column":null}},"40":{"start":{"line":373,"column":0},"end":{"line":373,"column":null}},"41":{"start":{"line":377,"column":0},"end":{"line":377,"column":null}},"42":{"start":{"line":382,"column":0},"end":{"line":384,"column":null}},"43":{"start":{"line":383,"column":0},"end":{"line":383,"column":null}},"44":{"start":{"line":385,"column":0},"end":{"line":385,"column":null}},"45":{"start":{"line":388,"column":0},"end":{"line":388,"column":null}},"46":{"start":{"line":389,"column":0},"end":{"line":400,"column":null}},"47":{"start":{"line":390,"column":0},"end":{"line":392,"column":null}},"48":{"start":{"line":391,"column":0},"end":{"line":391,"column":null}},"49":{"start":{"line":393,"column":0},"end":{"line":395,"column":null}},"50":{"start":{"line":394,"column":0},"end":{"line":394,"column":null}},"51":{"start":{"line":396,"column":0},"end":{"line":398,"column":null}},"52":{"start":{"line":397,"column":0},"end":{"line":397,"column":null}},"53":{"start":{"line":399,"column":0},"end":{"line":399,"column":null}},"54":{"start":{"line":401,"column":0},"end":{"line":414,"column":null}},"55":{"start":{"line":402,"column":0},"end":{"line":409,"column":null}},"56":{"start":{"line":408,"column":0},"end":{"line":408,"column":null}},"57":{"start":{"line":410,"column":0},"end":{"line":412,"column":null}},"58":{"start":{"line":411,"column":0},"end":{"line":411,"column":null}},"59":{"start":{"line":413,"column":0},"end":{"line":413,"column":null}},"60":{"start":{"line":418,"column":0},"end":{"line":418,"column":null}},"61":{"start":{"line":420,"column":0},"end":{"line":420,"column":null}},"62":{"start":{"line":421,"column":0},"end":{"line":421,"column":null}}},"fnMap":{"0":{"name":"data","decl":{"start":{"line":245,"column":0},"end":{"line":245,"column":null}},"loc":{"start":{"line":245,"column":0},"end":{"line":300,"column":null}}},"1":{"name":"field","decl":{"start":{"line":267,"column":0},"end":{"line":267,"column":null}},"loc":{"start":{"line":267,"column":0},"end":{"line":267,"column":null}}},"2":{"name":"format","decl":{"start":{"line":268,"column":0},"end":{"line":268,"column":null}},"loc":{"start":{"line":268,"column":0},"end":{"line":268,"column":null}}},"3":{"name":"field","decl":{"start":{"line":275,"column":0},"end":{"line":275,"column":null}},"loc":{"start":{"line":275,"column":0},"end":{"line":275,"column":null}}},"4":{"name":"format","decl":{"start":{"line":276,"column":0},"end":{"line":276,"column":null}},"loc":{"start":{"line":276,"column":0},"end":{"line":276,"column":null}}},"5":{"name":"field","decl":{"start":{"line":283,"column":0},"end":{"line":283,"column":null}},"loc":{"start":{"line":283,"column":0},"end":{"line":283,"column":null}}},"6":{"name":"format","decl":{"start":{"line":287,"column":0},"end":{"line":287,"column":null}},"loc":{"start":{"line":287,"column":0},"end":{"line":287,"column":null}}},"7":{"name":"field","decl":{"start":{"line":294,"column":0},"end":{"line":294,"column":null}},"loc":{"start":{"line":294,"column":0},"end":{"line":294,"column":null}}},"8":{"name":"format","decl":{"start":{"line":295,"column":0},"end":{"line":295,"column":null}},"loc":{"start":{"line":295,"column":0},"end":{"line":295,"column":null}}},"9":{"name":"generateShortLinkRequest","decl":{"start":{"line":302,"column":0},"end":{"line":302,"column":null}},"loc":{"start":{"line":302,"column":0},"end":{"line":331,"column":null}}},"10":{"name":"(anonymous_13)","decl":{"start":{"line":309,"column":0},"end":{"line":309,"column":null}},"loc":{"start":{"line":309,"column":0},"end":{"line":326,"column":null}}},"11":{"name":"(anonymous_14)","decl":{"start":{"line":326,"column":0},"end":{"line":326,"column":null}},"loc":{"start":{"line":326,"column":0},"end":{"line":330,"column":null}}},"12":{"name":"fetchShortLinks","decl":{"start":{"line":332,"column":0},"end":{"line":332,"column":null}},"loc":{"start":{"line":332,"column":0},"end":{"line":343,"column":null}}},"13":{"name":"(anonymous_18)","decl":{"start":{"line":334,"column":0},"end":{"line":334,"column":null}},"loc":{"start":{"line":334,"column":0},"end":{"line":339,"column":null}}},"14":{"name":"(anonymous_19)","decl":{"start":{"line":339,"column":0},"end":{"line":339,"column":null}},"loc":{"start":{"line":339,"column":0},"end":{"line":342,"column":null}}},"15":{"name":"checkCustomLinkRequest","decl":{"start":{"line":344,"column":0},"end":{"line":344,"column":null}},"loc":{"start":{"line":344,"column":0},"end":{"line":365,"column":null}}},"16":{"name":"(anonymous_24)","decl":{"start":{"line":348,"column":0},"end":{"line":348,"column":null}},"loc":{"start":{"line":348,"column":0},"end":{"line":358,"column":null}}},"17":{"name":"(anonymous_25)","decl":{"start":{"line":358,"column":0},"end":{"line":358,"column":null}},"loc":{"start":{"line":358,"column":0},"end":{"line":363,"column":null}}},"18":{"name":"showAlertDialog","decl":{"start":{"line":367,"column":0},"end":{"line":367,"column":null}},"loc":{"start":{"line":367,"column":0},"end":{"line":369,"column":null}}},"19":{"name":"dateValidation","decl":{"start":{"line":371,"column":0},"end":{"line":371,"column":null}},"loc":{"start":{"line":371,"column":0},"end":{"line":374,"column":null}}},"20":{"name":"timeValidation","decl":{"start":{"line":376,"column":0},"end":{"line":376,"column":null}},"loc":{"start":{"line":376,"column":0},"end":{"line":386,"column":null}}},"21":{"name":"extendCustomRules","decl":{"start":{"line":388,"column":0},"end":{"line":388,"column":null}},"loc":{"start":{"line":388,"column":0},"end":{"line":415,"column":null}}},"22":{"name":"(anonymous_30)","decl":{"start":{"line":389,"column":0},"end":{"line":389,"column":null}},"loc":{"start":{"line":389,"column":0},"end":{"line":400,"column":null}}},"23":{"name":"(anonymous_31)","decl":{"start":{"line":401,"column":0},"end":{"line":401,"column":null}},"loc":{"start":{"line":401,"column":0},"end":{"line":414,"column":null}}},"24":{"name":"created","decl":{"start":{"line":417,"column":0},"end":{"line":417,"column":null}},"loc":{"start":{"line":417,"column":0},"end":{"line":422,"column":null}}}},"branchMap":{"0":{"loc":{"start":{"line":283,"column":0},"end":{"line":283,"column":null}},"type":"cond-expr","locations":[{"start":{"line":283,"column":0},"end":{"line":283,"column":null}},{"start":{"line":283,"column":0},"end":{"line":283,"column":null}}]},"1":{"loc":{"start":{"line":302,"column":0},"end":{"line":330,"column":null}},"type":"switch","locations":[{"start":{"line":302,"column":0},"end":{"line":330,"column":null}},{"start":{"line":302,"column":0},"end":{"line":302,"column":null}},{"start":{"line":302,"column":0},"end":{"line":302,"column":null}}]},"2":{"loc":{"start":{"line":303,"column":0},"end":{"line":303,"column":null}},"type":"cond-expr","locations":[{"start":{"line":303,"column":0},"end":{"line":303,"column":null}},{"start":{"line":303,"column":0},"end":{"line":303,"column":null}}]},"3":{"loc":{"start":{"line":319,"column":0},"end":{"line":319,"column":null}},"type":"cond-expr","locations":[{"start":{"line":319,"column":0},"end":{"line":319,"column":null}},{"start":{"line":319,"column":0},"end":{"line":319,"column":null}}]},"4":{"loc":{"start":{"line":332,"column":0},"end":{"line":342,"column":null}},"type":"switch","locations":[{"start":{"line":332,"column":0},"end":{"line":342,"column":null}},{"start":{"line":332,"column":0},"end":{"line":332,"column":null}},{"start":{"line":332,"column":0},"end":{"line":332,"column":null}}]},"5":{"loc":{"start":{"line":344,"column":0},"end":{"line":364,"column":null}},"type":"switch","locations":[{"start":{"line":344,"column":0},"end":{"line":364,"column":null}},{"start":{"line":344,"column":0},"end":{"line":344,"column":null}},{"start":{"line":344,"column":0},"end":{"line":344,"column":null}}]},"6":{"loc":{"start":{"line":367,"column":0},"end":{"line":367,"column":null}},"type":"cond-expr","locations":[{"start":{"line":367,"column":0},"end":{"line":367,"column":null}},{"start":{"line":367,"column":0},"end":{"line":367,"column":null}}]},"7":{"loc":{"start":{"line":382,"column":0},"end":{"line":384,"column":null}},"type":"if","locations":[{"start":{"line":382,"column":0},"end":{"line":384,"column":null}},{"start":{"line":382,"column":0},"end":{"line":384,"column":null}}]},"8":{"loc":{"start":{"line":390,"column":0},"end":{"line":392,"column":null}},"type":"if","locations":[{"start":{"line":390,"column":0},"end":{"line":392,"column":null}},{"start":{"line":390,"column":0},"end":{"line":392,"column":null}}]},"9":{"loc":{"start":{"line":393,"column":0},"end":{"line":395,"column":null}},"type":"if","locations":[{"start":{"line":393,"column":0},"end":{"line":395,"column":null}},{"start":{"line":393,"column":0},"end":{"line":395,"column":null}}]},"10":{"loc":{"start":{"line":396,"column":0},"end":{"line":398,"column":null}},"type":"if","locations":[{"start":{"line":396,"column":0},"end":{"line":398,"column":null}},{"start":{"line":396,"column":0},"end":{"line":398,"column":null}}]},"11":{"loc":{"start":{"line":402,"column":0},"end":{"line":409,"column":null}},"type":"if","locations":[{"start":{"line":402,"column":0},"end":{"line":409,"column":null}},{"start":{"line":402,"column":0},"end":{"line":409,"column":null}}]},"12":{"loc":{"start":{"line":410,"column":0},"end":{"line":412,"column":null}},"type":"if","locations":[{"start":{"line":410,"column":0},"end":{"line":412,"column":null}},{"start":{"line":410,"column":0},"end":{"line":412,"column":null}}]}},"s":{"0":0,"1":0,"2":0,"3":0,"4":0,"5":0,"6":0,"7":0,"8":0,"9":0,"10":0,"11":0,"12":0,"13":0,"14":0,"15":0,"16":0,"17":0,"18":0,"19":0,"20":0,"21":0,"22":0,"23":0,"24":0,"25":0,"26":0,"27":0,"28":0,"29":0,"30":0,"31":0,"32":0,"33":0,"34":0,"35":0,"36":0,"37":0,"38":0,"39":0,"40":0,"41":0,"42":0,"43":0,"44":0,"45":0,"46":0,"47":0,"48":0,"49":0,"50":0,"51":0,"52":0,"53":0,"54":0,"55":0,"56":0,"57":0,"58":0,"59":0,"60":0,"61":0,"62":0},"f":{"0":0,"1":0,"2":0,"3":0,"4":0,"5":0,"6":0,"7":0,"8":0,"9":0,"10":0,"11":0,"12":0,"13":0,"14":0,"15":0,"16":0,"17":0,"18":0,"19":0,"20":0,"21":0,"22":0,"23":0,"24":0},"b":{"0":[0,0],"1":[0,0,0],"2":[0,0],"3":[0,0],"4":[0,0,0],"5":[0,0,0],"6":[0,0],"7":[0,0],"8":[0,0],"9":[0,0],"10":[0,0],"11":[0,0],"12":[0,0]}}
}
