TN:
SF:/f/ic2/src/main.js
FN:19,(anonymous_0)
FNF:1
FNH:0
FNDA:0,(anonymous_0)
DA:9,0
DA:12,0
DA:14,0
DA:16,0
DA:19,0
LF:5
LH:0
BRF:0
BRH:0
end_of_record
TN:
SF:/f/ic2/src/quasar.js
FNF:0
FNH:0
DA:8,0
LF:1
LH:0
BRF:0
BRH:0
end_of_record
TN:
SF:/f/ic2/src-server/server.js
FN:15,(anonymous_0)
FN:36,(anonymous_1)
FNF:2
FNH:1
FNDA:0,(anonymous_0)
FNDA:1,(anonymous_1)
DA:2,1
DA:11,1
DA:12,1
DA:14,1
DA:15,1
DA:16,0
DA:18,1
DA:21,1
DA:23,1
DA:28,1
DA:30,1
DA:32,1
DA:34,1
DA:36,1
DA:38,1
LF:15
LH:14
BRDA:12,0,0,1
BRDA:12,0,1,0
BRF:2
BRH:1
end_of_record
TN:
SF:/f/ic2/src-server/modules/Auth.js
FN:9,(anonymous_0)
FN:10,(anonymous_1)
FN:61,(anonymous_2)
FN:62,(anonymous_3)
FNF:4
FNH:4
FNDA:2,(anonymous_0)
FNDA:2,(anonymous_1)
FNDA:1,(anonymous_2)
FNDA:1,(anonymous_3)
DA:9,1
DA:10,2
DA:11,2
DA:12,2
DA:13,2
DA:14,2
DA:15,2
DA:18,2
DA:19,0
DA:24,0
DA:25,0
DA:27,2
DA:29,2
DA:30,1
DA:35,1
DA:36,1
DA:40,2
DA:42,2
DA:49,1
DA:50,1
DA:52,1
DA:61,1
DA:62,1
DA:63,1
DA:64,1
DA:65,1
DA:66,1
DA:69,1
DA:70,0
DA:75,0
DA:76,0
DA:80,1
DA:87,1
DA:89,1
DA:91,1
DA:96,1
DA:97,1
DA:99,0
LF:38
LH:31
BRDA:18,0,0,0
BRDA:18,0,1,2
BRDA:29,1,0,1
BRDA:29,1,1,1
BRDA:69,2,0,0
BRDA:69,2,1,1
BRF:6
BRH:4
end_of_record
TN:
SF:/f/ic2/src-server/modules/JWToken.js
FN:6,(anonymous_0)
FN:26,(anonymous_1)
FN:27,(anonymous_2)
FNF:3
FNH:3
FNDA:2,(anonymous_0)
FNDA:3,(anonymous_1)
FNDA:3,(anonymous_2)
DA:1,1
DA:6,1
DA:7,2
DA:8,2
DA:9,2
DA:11,2
DA:16,2
DA:18,0
DA:26,1
DA:27,3
DA:28,3
DA:29,3
DA:30,3
DA:31,3
DA:32,0
DA:38,3
DA:39,3
DA:43,3
DA:44,3
DA:46,0
LF:20
LH:17
BRDA:31,0,0,0
BRDA:31,0,1,3
BRDA:31,1,0,3
BRDA:31,1,1,3
BRF:4
BRH:3
end_of_record
TN:
SF:/f/ic2/src-server/modules/MainRedirector.js
FN:9,(anonymous_0)
FN:10,(anonymous_1)
FN:18,(anonymous_2)
FNF:3
FNH:3
FNDA:1,(anonymous_0)
FNDA:1,(anonymous_1)
FNDA:1,(anonymous_2)
DA:9,1
DA:10,1
DA:11,1
DA:12,1
DA:14,1
DA:16,1
DA:18,1
DA:19,1
DA:20,1
DA:21,1
DA:27,1
DA:28,0
DA:29,0
DA:32,0
DA:33,0
DA:34,0
DA:35,0
DA:38,0
DA:39,0
DA:41,0
LF:20
LH:11
BRDA:19,0,0,1
BRDA:19,0,1,0
BRDA:28,1,0,0
BRDA:28,1,1,0
BRDA:32,2,0,0
BRDA:32,2,1,0
BRDA:32,3,0,0
BRDA:32,3,1,0
BRDA:34,4,0,0
BRDA:34,4,1,0
BRF:10
BRH:1
end_of_record
TN:
SF:/f/ic2/src-server/modules/MongoDbClient.js
FN:17,(anonymous_0)
FN:38,(anonymous_1)
FN:42,(anonymous_2)
FN:46,(anonymous_3)
FN:47,(anonymous_4)
FN:48,(anonymous_5)
FNF:6
FNH:6
FNDA:8,(anonymous_0)
FNDA:2,(anonymous_1)
FNDA:6,(anonymous_2)
FNDA:1,(anonymous_3)
FNDA:1,(anonymous_4)
FNDA:1,(anonymous_5)
DA:1,1
DA:4,1
DA:5,1
DA:6,1
DA:7,1
DA:8,1
DA:9,1
DA:17,1
DA:18,8
DA:19,8
DA:20,8
DA:24,7
DA:26,7
DA:28,7
DA:30,0
DA:38,1
DA:39,2
DA:42,1
DA:43,6
DA:46,1
DA:47,1
DA:48,1
DA:49,1
LF:23
LH:22
BRDA:4,0,0,1
BRDA:4,0,1,0
BRDA:5,1,0,1
BRDA:5,1,1,0
BRDA:6,2,0,1
BRDA:6,2,1,0
BRDA:7,3,0,1
BRDA:7,3,1,0
BRDA:8,4,0,1
BRDA:8,4,1,0
BRDA:9,5,0,1
BRDA:9,5,1,0
BRDA:49,6,0,0
BRDA:49,6,1,1
BRF:14
BRH:7
end_of_record
TN:
SF:/f/ic2/src-server/modules/ShortLink.js
FN:12,(anonymous_0)
FN:13,(anonymous_1)
FN:97,(anonymous_2)
FN:98,(anonymous_3)
FN:124,(anonymous_4)
FN:125,(anonymous_5)
FNF:6
FNH:6
FNDA:1,(anonymous_0)
FNDA:1,(anonymous_1)
FNDA:1,(anonymous_2)
FNDA:1,(anonymous_3)
FNDA:1,(anonymous_4)
FNDA:1,(anonymous_5)
DA:1,1
DA:12,1
DA:13,1
DA:14,1
DA:16,1
DA:17,1
DA:18,1
DA:19,1
DA:22,1
DA:23,0
DA:28,0
DA:29,0
DA:33,1
DA:34,1
DA:37,1
DA:38,0
DA:39,0
DA:45,0
DA:46,0
DA:50,1
DA:54,1
DA:56,1
DA:60,1
DA:70,1
DA:72,1
DA:74,1
DA:76,1
DA:79,1
DA:85,1
DA:86,1
DA:88,0
DA:97,1
DA:98,1
DA:99,1
DA:100,1
DA:102,1
DA:104,1
DA:106,1
DA:112,1
DA:113,1
DA:115,0
DA:124,1
DA:125,1
DA:126,1
DA:127,1
DA:129,1
DA:131,1
DA:133,1
DA:139,1
DA:140,1
DA:142,0
LF:51
LH:41
BRDA:22,0,0,0
BRDA:22,0,1,1
BRDA:22,1,0,1
BRDA:22,1,1,1
BRDA:37,2,0,0
BRDA:37,2,1,1
BRDA:50,3,0,1
BRDA:50,3,1,0
BRDA:50,4,0,1
BRDA:50,4,1,1
BRDA:56,5,0,1
BRDA:56,5,1,0
BRDA:56,6,0,1
BRDA:56,6,1,1
BRDA:136,7,0,0
BRDA:136,7,1,1
BRF:16
BRH:11
end_of_record
TN:
SF:/f/ic2/src-server/modules/ShortLinkAnalytics.js
FN:10,(anonymous_0)
FN:11,(anonymous_1)
FN:48,(anonymous_2)
FN:49,(anonymous_3)
FN:58,(anonymous_4)
FNF:5
FNH:2
FNDA:1,(anonymous_0)
FNDA:1,(anonymous_1)
FNDA:0,(anonymous_2)
FNDA:0,(anonymous_3)
FNDA:0,(anonymous_4)
DA:1,1
DA:10,1
DA:11,1
DA:12,1
DA:14,1
DA:16,1
DA:17,1
DA:19,1
DA:21,0
DA:25,0
DA:27,0
DA:29,0
DA:38,0
DA:40,0
DA:41,0
DA:43,0
DA:48,1
DA:49,0
DA:50,0
DA:51,0
DA:52,0
DA:54,0
DA:56,0
DA:57,0
DA:58,0
DA:59,0
DA:65,0
DA:71,0
DA:72,0
DA:74,0
LF:30
LH:9
BRDA:14,0,0,1
BRDA:14,0,1,1
BRF:2
BRH:2
end_of_record
TN:
SF:/f/ic2/src-server/router/api.js
FN:14,(anonymous_0)
FN:17,(anonymous_1)
FN:25,(anonymous_2)
FN:34,(anonymous_3)
FN:35,(anonymous_4)
FN:41,(anonymous_5)
FN:42,(anonymous_6)
FN:48,(anonymous_7)
FN:49,(anonymous_8)
FN:55,(anonymous_9)
FN:56,(anonymous_10)
FNF:11
FNH:5
FNDA:6,(anonymous_0)
FNDA:3,(anonymous_1)
FNDA:0,(anonymous_2)
FNDA:1,(anonymous_3)
FNDA:0,(anonymous_4)
FNDA:1,(anonymous_5)
FNDA:0,(anonymous_6)
FNDA:1,(anonymous_7)
FNDA:0,(anonymous_8)
FNDA:0,(anonymous_9)
FNDA:0,(anonymous_10)
DA:10,1
DA:11,1
DA:14,1
DA:15,6
DA:16,3
DA:18,3
DA:19,0
DA:22,3
DA:23,3
DA:26,0
DA:27,0
DA:30,3
DA:34,1
DA:35,1
DA:36,0
DA:37,0
DA:41,1
DA:42,1
DA:43,0
DA:44,0
DA:48,1
DA:49,1
DA:50,0
DA:51,0
DA:55,1
DA:56,0
DA:57,0
DA:58,0
DA:62,1
LF:29
LH:17
BRDA:15,0,0,3
BRDA:15,0,1,3
BRDA:18,1,0,0
BRDA:18,1,1,3
BRDA:36,2,0,0
BRDA:36,2,1,0
BRDA:43,3,0,0
BRDA:43,3,1,0
BRDA:50,4,0,0
BRDA:50,4,1,0
BRDA:57,5,0,0
BRDA:57,5,1,0
BRF:12
BRH:3
end_of_record
TN:
SF:/f/ic2/src-server/router/auth.js
FN:7,(anonymous_0)
FN:8,(anonymous_1)
FN:14,(anonymous_2)
FN:15,(anonymous_3)
FNF:4
FNH:2
FNDA:2,(anonymous_0)
FNDA:0,(anonymous_1)
FNDA:1,(anonymous_2)
FNDA:0,(anonymous_3)
DA:4,1
DA:7,1
DA:8,2
DA:9,0
DA:10,0
DA:14,1
DA:15,1
DA:16,0
DA:17,0
DA:21,1
LF:10
LH:6
BRDA:9,0,0,0
BRDA:9,0,1,0
BRDA:16,1,0,0
BRDA:16,1,1,0
BRF:4
BRH:0
end_of_record
TN:
SF:/f/ic2/src-server/router/shortlink.js
FN:7,(anonymous_0)
FNF:1
FNH:1
FNDA:1,(anonymous_0)
DA:5,1
DA:7,1
DA:8,1
DA:9,1
DA:12,1
LF:5
LH:5
BRF:0
BRH:0
end_of_record
TN:
SF:/f/ic2/src/components/AlertDialog.vue
FN:36,get
FN:39,set
FNF:2
FNH:0
FNDA:0,get
FNDA:0,set
DA:37,0
DA:40,0
LF:2
LH:0
BRF:0
BRH:0
end_of_record
TN:
SF:/f/ic2/src/components/charts/PieChart.vue
FN:7,mounted
FNF:1
FNH:0
FNDA:0,mounted
DA:2,0
DA:8,0
LF:2
LH:0
BRF:0
BRH:0
end_of_record
TN:
SF:/f/ic2/src/layouts/MainLayout.vue
FN:92,data
FN:102,checkUserSession
FN:113,showAlertDialog
FN:118,navigateRoute
FN:121,logout
FN:126,created
FNF:6
FNH:0
FNDA:0,data
FNDA:0,checkUserSession
FNDA:0,showAlertDialog
FNDA:0,navigateRoute
FNDA:0,logout
FNDA:0,created
DA:84,0
DA:85,0
DA:93,0
DA:103,0
DA:104,0
DA:105,0
DA:106,0
DA:107,0
DA:110,0
DA:114,0
DA:115,0
DA:116,0
DA:119,0
DA:122,0
DA:123,0
DA:127,0
DA:128,0
LF:17
LH:0
BRDA:104,0,0,0
BRDA:104,0,1,0
BRDA:106,1,0,0
BRDA:106,1,1,0
BRDA:127,2,0,0
BRDA:127,2,1,0
BRF:6
BRH:0
end_of_record
TN:
SF:/f/ic2/src/router/index.js
FN:9,(anonymous_0)
FN:11,(anonymous_1)
FN:15,(anonymous_2)
FN:20,(anonymous_3)
FNF:4
FNH:0
FNDA:0,(anonymous_0)
FNDA:0,(anonymous_1)
FNDA:0,(anonymous_2)
FNDA:0,(anonymous_3)
DA:4,0
DA:6,0
DA:9,0
DA:11,0
DA:15,0
DA:20,0
DA:26,0
LF:7
LH:0
BRF:0
BRH:0
end_of_record
TN:
SF:/f/ic2/src/store/index.js
FN:20,(anonymous_0)
FN:21,(anonymous_1)
FN:22,(anonymous_2)
FN:27,(anonymous_3)
FN:31,(anonymous_4)
FN:38,(anonymous_5)
FN:39,(anonymous_6)
FN:41,(anonymous_7)
FN:45,(anonymous_8)
FN:51,(anonymous_9)
FN:52,(anonymous_10)
FN:54,(anonymous_11)
FN:57,(anonymous_12)
FN:63,(anonymous_13)
FN:64,(anonymous_14)
FN:66,(anonymous_15)
FN:69,(anonymous_16)
FN:75,(anonymous_17)
FN:76,(anonymous_18)
FN:78,(anonymous_19)
FN:81,(anonymous_20)
FN:88,(anonymous_21)
FNF:22
FNH:0
FNDA:0,(anonymous_0)
FNDA:0,(anonymous_1)
FNDA:0,(anonymous_2)
FNDA:0,(anonymous_3)
FNDA:0,(anonymous_4)
FNDA:0,(anonymous_5)
FNDA:0,(anonymous_6)
FNDA:0,(anonymous_7)
FNDA:0,(anonymous_8)
FNDA:0,(anonymous_9)
FNDA:0,(anonymous_10)
FNDA:0,(anonymous_11)
FNDA:0,(anonymous_12)
FNDA:0,(anonymous_13)
FNDA:0,(anonymous_14)
FNDA:0,(anonymous_15)
FNDA:0,(anonymous_16)
FNDA:0,(anonymous_17)
FNDA:0,(anonymous_18)
FNDA:0,(anonymous_19)
FNDA:0,(anonymous_20)
FNDA:0,(anonymous_21)
DA:8,0
DA:9,0
DA:20,0
DA:21,0
DA:22,0
DA:28,0
DA:29,0
DA:32,0
DA:33,0
DA:39,0
DA:40,0
DA:42,0
DA:43,0
DA:46,0
DA:52,0
DA:53,0
DA:55,0
DA:58,0
DA:64,0
DA:65,0
DA:67,0
DA:70,0
DA:76,0
DA:77,0
DA:79,0
DA:82,0
DA:89,0
LF:27
LH:0
BRF:0
BRH:0
end_of_record
TN:
SF:/f/ic2/src/store/actions/LoginAction.js
FN:7,(anonymous_0)
FN:8,(anonymous_1)
FN:15,(anonymous_2)
FN:32,(anonymous_3)
FN:42,(anonymous_4)
FN:43,(anonymous_5)
FN:50,(anonymous_6)
FN:57,(anonymous_7)
FNF:8
FNH:0
FNDA:0,(anonymous_0)
FNDA:0,(anonymous_1)
FNDA:0,(anonymous_2)
FNDA:0,(anonymous_3)
FNDA:0,(anonymous_4)
FNDA:0,(anonymous_5)
FNDA:0,(anonymous_6)
FNDA:0,(anonymous_7)
DA:7,0
DA:8,0
DA:10,0
DA:16,0
DA:18,0
DA:22,0
DA:24,0
DA:29,0
DA:33,0
DA:42,0
DA:43,0
DA:45,0
DA:51,0
DA:52,0
DA:54,0
DA:58,0
LF:16
LH:0
BRDA:22,0,0,0
BRDA:22,0,1,0
BRDA:22,1,0,0
BRDA:22,1,1,0
BRDA:51,2,0,0
BRDA:51,2,1,0
BRF:6
BRH:0
end_of_record
TN:
SF:/f/ic2/src/store/actions/apiRequest.js
FN:7,(anonymous_0)
FN:8,(anonymous_1)
FN:15,(anonymous_2)
FN:22,(anonymous_3)
FN:32,(anonymous_4)
FN:33,(anonymous_5)
FN:40,(anonymous_6)
FN:43,(anonymous_7)
FNF:8
FNH:0
FNDA:0,(anonymous_0)
FNDA:0,(anonymous_1)
FNDA:0,(anonymous_2)
FNDA:0,(anonymous_3)
FNDA:0,(anonymous_4)
FNDA:0,(anonymous_5)
FNDA:0,(anonymous_6)
FNDA:0,(anonymous_7)
DA:7,0
DA:8,0
DA:9,0
DA:16,0
DA:17,0
DA:19,0
DA:23,0
DA:32,0
DA:33,0
DA:34,0
DA:41,0
DA:44,0
LF:12
LH:0
BRDA:16,0,0,0
BRDA:16,0,1,0
BRF:2
BRH:0
end_of_record
TN:
SF:/f/ic2/src/views/Analytics.vue
FN:35,data
FN:42,getBrowserAnalytics
FN:44,(anonymous_3)
FN:54,renderBrowserPieChart
FN:57,(anonymous_5)
FN:80,created
FNF:6
FNH:0
FNDA:0,data
FNDA:0,getBrowserAnalytics
FNDA:0,(anonymous_3)
FNDA:0,renderBrowserPieChart
FNDA:0,(anonymous_5)
FNDA:0,created
DA:32,0
DA:36,0
DA:42,0
DA:43,0
DA:48,0
DA:49,0
DA:50,0
DA:55,0
DA:56,0
DA:57,0
DA:58,0
DA:59,0
DA:60,0
DA:61,0
DA:63,0
DA:64,0
DA:66,0
DA:67,0
DA:81,0
LF:19
LH:0
BRDA:48,0,0,0
BRDA:48,0,1,0
BRDA:59,1,0,0
BRDA:59,1,1,0
BRDA:64,2,0,0
BRDA:64,2,1,0
BRF:6
BRH:0
end_of_record
TN:
SF:/f/ic2/src/views/Auth.vue
FN:212,data
FN:225,showAlertDialog
FN:228,loginRequest
FN:232,(anonymous_4)
FN:245,(anonymous_5)
FN:251,signupRequest
FN:255,(anonymous_7)
FN:262,(anonymous_8)
FN:269,created
FN:271,(anonymous_10)
FNF:10
FNH:0
FNDA:0,data
FNDA:0,showAlertDialog
FNDA:0,loginRequest
FNDA:0,(anonymous_4)
FNDA:0,(anonymous_5)
FNDA:0,signupRequest
FNDA:0,(anonymous_7)
FNDA:0,(anonymous_8)
FNDA:0,created
FNDA:0,(anonymous_10)
DA:200,0
DA:213,0
DA:225,0
DA:226,0
DA:228,0
DA:229,0
DA:231,0
DA:237,0
DA:238,0
DA:239,0
DA:240,0
DA:242,0
DA:243,0
DA:247,0
DA:248,0
DA:251,0
DA:252,0
DA:254,0
DA:260,0
DA:261,0
DA:264,0
DA:265,0
DA:269,0
DA:271,0
DA:272,0
DA:273,0
DA:275,0
LF:27
LH:0
BRDA:225,0,0,0
BRDA:225,0,1,0
BRDA:238,1,0,0
BRDA:238,1,1,0
BRDA:272,2,0,0
BRDA:272,2,1,0
BRF:6
BRH:0
end_of_record
TN:
SF:/f/ic2/src/views/Home.vue
FN:245,data
FN:267,field
FN:268,format
FN:275,field
FN:276,format
FN:283,field
FN:287,format
FN:294,field
FN:295,format
FN:302,generateShortLinkRequest
FN:309,(anonymous_13)
FN:326,(anonymous_14)
FN:332,fetchShortLinks
FN:334,(anonymous_18)
FN:339,(anonymous_19)
FN:344,checkCustomLinkRequest
FN:348,(anonymous_24)
FN:358,(anonymous_25)
FN:367,showAlertDialog
FN:371,dateValidation
FN:376,timeValidation
FN:388,extendCustomRules
FN:389,(anonymous_30)
FN:401,(anonymous_31)
FN:417,created
FNF:25
FNH:0
FNDA:0,data
FNDA:0,field
FNDA:0,format
FNDA:0,field
FNDA:0,format
FNDA:0,field
FNDA:0,format
FNDA:0,field
FNDA:0,format
FNDA:0,generateShortLinkRequest
FNDA:0,(anonymous_13)
FNDA:0,(anonymous_14)
FNDA:0,fetchShortLinks
FNDA:0,(anonymous_18)
FNDA:0,(anonymous_19)
FNDA:0,checkCustomLinkRequest
FNDA:0,(anonymous_24)
FNDA:0,(anonymous_25)
FNDA:0,showAlertDialog
FNDA:0,dateValidation
FNDA:0,timeValidation
FNDA:0,extendCustomRules
FNDA:0,(anonymous_30)
FNDA:0,(anonymous_31)
FNDA:0,created
DA:231,0
DA:236,0
DA:237,0
DA:245,0
DA:246,0
DA:267,0
DA:268,0
DA:275,0
DA:276,0
DA:283,0
DA:287,0
DA:294,0
DA:295,0
DA:302,0
DA:303,0
DA:306,0
DA:308,0
DA:318,0
DA:319,0
DA:323,0
DA:324,0
DA:325,0
DA:328,0
DA:329,0
DA:332,0
DA:333,0
DA:338,0
DA:341,0
DA:344,0
DA:346,0
DA:347,0
DA:355,0
DA:356,0
DA:357,0
DA:360,0
DA:361,0
DA:362,0
DA:367,0
DA:368,0
DA:373,0
DA:377,0
DA:382,0
DA:383,0
DA:385,0
DA:388,0
DA:389,0
DA:390,0
DA:391,0
DA:393,0
DA:394,0
DA:396,0
DA:397,0
DA:399,0
DA:401,0
DA:402,0
DA:408,0
DA:410,0
DA:411,0
DA:413,0
DA:418,0
DA:420,0
DA:421,0
LF:62
LH:0
BRDA:283,0,0,0
BRDA:283,0,1,0
BRDA:302,1,0,0
BRDA:302,1,1,0
BRDA:302,1,2,0
BRDA:303,2,0,0
BRDA:303,2,1,0
BRDA:319,3,0,0
BRDA:319,3,1,0
BRDA:332,4,0,0
BRDA:332,4,1,0
BRDA:332,4,2,0
BRDA:344,5,0,0
BRDA:344,5,1,0
BRDA:344,5,2,0
BRDA:367,6,0,0
BRDA:367,6,1,0
BRDA:382,7,0,0
BRDA:382,7,1,0
BRDA:390,8,0,0
BRDA:390,8,1,0
BRDA:393,9,0,0
BRDA:393,9,1,0
BRDA:396,10,0,0
BRDA:396,10,1,0
BRDA:402,11,0,0
BRDA:402,11,1,0
BRDA:410,12,0,0
BRDA:410,12,1,0
BRF:29
BRH:0
end_of_record
