TN:
SF:/f/ic2/src/main.js
FN:11,(anonymous_0)
FN:23,(anonymous_1)
FNF:2
FNH:0
FNDA:0,(anonymous_0)
FNDA:0,(anonymous_1)
DA:1,0
DA:9,0
DA:10,0
DA:12,0
DA:18,0
DA:20,0
DA:23,0
LF:7
LH:0
BRF:0
BRH:0
end_of_record
TN:
SF:/f/ic2/src/quasar.js
FNF:0
FNH:0
DA:8,0
LF:1
LH:0
BRF:0
BRH:0
end_of_record
TN:
SF:/f/ic2/src-server/server.js
FN:21,(anonymous_0)
FNF:1
FNH:1
FNDA:1,(anonymous_0)
DA:2,1
DA:8,1
DA:9,1
DA:11,1
DA:12,1
DA:17,1
DA:19,1
DA:21,1
DA:23,1
LF:9
LH:9
BRDA:9,0,0,1
BRDA:9,0,1,0
BRF:2
BRH:1
end_of_record
TN:
SF:/f/ic2/src-server/modules/Auth.js
FN:8,(anonymous_0)
FN:52,(anonymous_1)
FNF:2
FNH:1
FNDA:1,(anonymous_0)
FNDA:0,(anonymous_1)
DA:8,1
DA:9,1
DA:10,1
DA:11,1
DA:12,1
DA:13,1
DA:16,1
DA:17,1
DA:24,0
DA:25,0
DA:32,0
DA:34,0
DA:40,0
DA:52,1
DA:53,0
DA:54,0
DA:55,0
DA:56,0
DA:59,0
DA:60,0
DA:68,0
DA:75,0
DA:77,0
DA:79,0
DA:85,0
LF:25
LH:9
BRDA:16,0,0,1
BRDA:16,0,1,0
BRDA:24,1,0,0
BRDA:24,1,1,0
BRDA:59,2,0,0
BRDA:59,2,1,0
BRF:6
BRH:1
end_of_record
TN:
SF:/f/ic2/src-server/modules/MongoDbClient.js
FN:17,(anonymous_0)
FN:38,(anonymous_1)
FN:42,(anonymous_2)
FN:46,(anonymous_3)
FN:47,(anonymous_4)
FN:48,(anonymous_5)
FNF:6
FNH:2
FNDA:1,(anonymous_0)
FNDA:0,(anonymous_1)
FNDA:1,(anonymous_2)
FNDA:0,(anonymous_3)
FNDA:0,(anonymous_4)
FNDA:0,(anonymous_5)
DA:1,1
DA:4,1
DA:5,1
DA:6,1
DA:7,1
DA:8,1
DA:9,1
DA:17,1
DA:18,1
DA:19,1
DA:20,1
DA:24,1
DA:26,1
DA:28,1
DA:30,0
DA:38,1
DA:39,0
DA:42,1
DA:43,1
DA:46,1
DA:47,0
DA:48,0
DA:49,0
LF:23
LH:18
BRDA:4,0,0,1
BRDA:4,0,1,0
BRDA:5,1,0,1
BRDA:5,1,1,0
BRDA:6,2,0,1
BRDA:6,2,1,0
BRDA:7,3,0,1
BRDA:7,3,1,0
BRDA:8,4,0,1
BRDA:8,4,1,0
BRDA:9,5,0,1
BRDA:9,5,1,0
BRDA:49,6,0,0
BRDA:49,6,1,0
BRF:14
BRH:6
end_of_record
TN:
SF:/f/ic2/src-server/modules/ShortLinkGenerator.js
FN:10,(anonymous_0)
FN:77,(anonymous_1)
FN:100,(anonymous_2)
FNF:3
FNH:0
FNDA:0,(anonymous_0)
FNDA:0,(anonymous_1)
FNDA:0,(anonymous_2)
DA:10,1
DA:11,0
DA:13,0
DA:14,0
DA:15,0
DA:18,0
DA:19,0
DA:27,0
DA:28,0
DA:31,0
DA:32,0
DA:33,0
DA:41,0
DA:54,0
DA:56,0
DA:58,0
DA:65,0
DA:77,1
DA:78,0
DA:79,0
DA:81,0
DA:83,0
DA:85,0
DA:92,0
DA:100,1
DA:101,0
DA:102,0
DA:103,0
DA:105,0
DA:107,0
DA:108,0
DA:110,0
DA:117,0
LF:33
LH:3
BRDA:18,0,0,0
BRDA:18,0,1,0
BRDA:18,1,0,0
BRDA:18,1,1,0
BRDA:31,2,0,0
BRDA:31,2,1,0
BRDA:46,3,0,0
BRDA:46,3,1,0
BRDA:46,4,0,0
BRDA:46,4,1,0
BRDA:113,5,0,0
BRDA:113,5,1,0
BRF:12
BRH:0
end_of_record
TN:
SF:/f/ic2/src-server/router/index.js
FN:12,(anonymous_0)
FN:17,(anonymous_1)
FN:22,(anonymous_2)
FN:27,(anonymous_3)
FN:32,(anonymous_4)
FN:37,(anonymous_5)
FNF:6
FNH:1
FNDA:1,(anonymous_0)
FNDA:0,(anonymous_1)
FNDA:0,(anonymous_2)
FNDA:0,(anonymous_3)
FNDA:0,(anonymous_4)
FNDA:0,(anonymous_5)
DA:9,1
DA:12,1
DA:13,1
DA:14,1
DA:17,1
DA:18,0
DA:19,0
DA:22,1
DA:23,0
DA:24,0
DA:27,1
DA:28,0
DA:29,0
DA:32,1
DA:33,0
DA:34,0
DA:37,1
DA:38,0
DA:41,1
LF:19
LH:10
BRF:0
BRH:0
end_of_record
TN:
SF:/f/ic2/src/components/AlertDialog.vue
FN:36,get
FN:39,set
FNF:2
FNH:0
FNDA:0,get
FNDA:0,set
DA:37,0
DA:40,0
LF:2
LH:0
BRF:0
BRH:0
end_of_record
TN:
SF:/f/ic2/src/layouts/MainLayout.vue
FN:52,data
FN:61,showAlertDialog
FNF:2
FNH:0
FNDA:0,data
FNDA:0,showAlertDialog
DA:45,0
DA:53,0
DA:62,0
DA:63,0
DA:64,0
LF:5
LH:0
BRF:0
BRH:0
end_of_record
TN:
SF:/f/ic2/src/router/index.js
FN:9,(anonymous_0)
FN:10,(anonymous_1)
FN:14,(anonymous_2)
FN:15,(anonymous_3)
FNF:4
FNH:0
FNDA:0,(anonymous_0)
FNDA:0,(anonymous_1)
FNDA:0,(anonymous_2)
FNDA:0,(anonymous_3)
DA:4,0
DA:6,0
DA:9,0
DA:10,0
DA:14,0
DA:15,0
DA:19,0
LF:7
LH:0
BRF:0
BRH:0
end_of_record
TN:
SF:/f/ic2/src/store/index.js
FNF:0
FNH:0
DA:4,0
LF:1
LH:0
BRF:0
BRH:0
end_of_record
TN:
SF:/f/ic2/src/views/Auth.vue
FN:189,data
FN:201,authQuery
FN:207,(anonymous_8)
FN:217,(anonymous_9)
FN:224,showAlertDialog
FN:227,loginRequest
FN:230,signupRequest
FN:234,created
FNF:8
FNH:0
FNDA:0,data
FNDA:0,authQuery
FNDA:0,(anonymous_8)
FNDA:0,(anonymous_9)
FNDA:0,showAlertDialog
FNDA:0,loginRequest
FNDA:0,signupRequest
FNDA:0,created
DA:178,0
DA:181,0
DA:190,0
DA:201,0
DA:202,0
DA:203,0
DA:206,0
DA:212,0
DA:213,0
DA:219,0
DA:220,0
DA:224,0
DA:225,0
DA:228,0
DA:231,0
DA:236,0
DA:240,0
LF:17
LH:0
BRDA:201,0,0,0
BRDA:201,0,1,0
BRDA:202,1,0,0
BRDA:202,1,1,0
BRDA:213,2,0,0
BRDA:213,2,1,0
BRDA:224,3,0,0
BRDA:224,3,1,0
BRF:8
BRH:0
end_of_record
TN:
SF:/f/ic2/src/views/Home.vue
FN:205,data
FN:225,field
FN:226,format
FN:233,field
FN:234,format
FN:241,field
FN:242,format
FN:249,field
FN:250,format
FN:257,field
FN:258,format
FN:265,generateShortLinkRequest
FN:269,(anonymous_15)
FN:284,(anonymous_16)
FN:290,fetchShortLinks
FN:293,(anonymous_20)
FN:298,(anonymous_21)
FN:303,checkCustomLinkRequest
FN:307,(anonymous_26)
FN:315,(anonymous_27)
FN:324,showAlertDialog
FN:328,dateValidation
FN:333,timeValidation
FN:345,created
FN:348,(anonymous_32)
FNF:25
FNH:0
FNDA:0,data
FNDA:0,field
FNDA:0,format
FNDA:0,field
FNDA:0,format
FNDA:0,field
FNDA:0,format
FNDA:0,field
FNDA:0,format
FNDA:0,field
FNDA:0,format
FNDA:0,generateShortLinkRequest
FNDA:0,(anonymous_15)
FNDA:0,(anonymous_16)
FNDA:0,fetchShortLinks
FNDA:0,(anonymous_20)
FNDA:0,(anonymous_21)
FNDA:0,checkCustomLinkRequest
FNDA:0,(anonymous_26)
FNDA:0,(anonymous_27)
FNDA:0,showAlertDialog
FNDA:0,dateValidation
FNDA:0,timeValidation
FNDA:0,created
FNDA:0,(anonymous_32)
DA:191,0
DA:197,0
DA:206,0
DA:225,0
DA:226,0
DA:233,0
DA:234,0
DA:241,0
DA:242,0
DA:249,0
DA:250,0
DA:257,0
DA:258,0
DA:265,0
DA:266,0
DA:268,0
DA:276,0
DA:277,0
DA:281,0
DA:282,0
DA:283,0
DA:286,0
DA:287,0
DA:290,0
DA:292,0
DA:297,0
DA:300,0
DA:303,0
DA:305,0
DA:306,0
DA:312,0
DA:313,0
DA:314,0
DA:317,0
DA:318,0
DA:319,0
DA:324,0
DA:325,0
DA:330,0
DA:334,0
DA:339,0
DA:340,0
DA:342,0
DA:345,0
DA:347,0
DA:348,0
DA:349,0
DA:350,0
DA:352,0
DA:353,0
DA:355,0
DA:356,0
DA:358,0
LF:53
LH:0
BRDA:265,0,0,0
BRDA:265,0,1,0
BRDA:265,0,2,0
BRDA:277,1,0,0
BRDA:277,1,1,0
BRDA:290,2,0,0
BRDA:290,2,1,0
BRDA:290,2,2,0
BRDA:303,3,0,0
BRDA:303,3,1,0
BRDA:303,3,2,0
BRDA:324,4,0,0
BRDA:324,4,1,0
BRDA:339,5,0,0
BRDA:339,5,1,0
BRDA:349,6,0,0
BRDA:349,6,1,0
BRDA:352,7,0,0
BRDA:352,7,1,0
BRDA:355,8,0,0
BRDA:355,8,1,0
BRF:21
BRH:0
end_of_record
